This is pdfTeX, Version 3.141592653-2.6-1.40.25 (MiKTeX 23.4) (preloaded format=pdflatex 2023.6.3)  6 SEP 2023 18:36
entering extended mode
 restricted \write18 enabled.
 %&-line parsing enabled.
**./doc.tex
(doc.tex
LaTeX2e <2022-11-01> patch level 1
L3 programming layer <2023-03-30>
(C:\Program Files\MiKTeX\tex/latex/base\article.cls
Document Class: article 2022/07/02 v1.4n Standard LaTeX document class
(C:\Program Files\MiKTeX\tex/latex/base\size12.clo
File: size12.clo 2022/07/02 v1.4n Standard LaTeX file (size option)
)
\c@part=\count185
\c@section=\count186
\c@subsection=\count187
\c@subsubsection=\count188
\c@paragraph=\count189
\c@subparagraph=\count190
\c@figure=\count191
\c@table=\count192
\abovecaptionskip=\skip48
\belowcaptionskip=\skip49
\bibindent=\dimen140
)
(C:\Program Files\MiKTeX\tex/latex/float\float.sty
Package: float 2001/11/08 v1.3d Float enhancements (AL)
\c@float@type=\count193
\float@exts=\toks16
\float@box=\box51
\@float@everytoks=\toks17
\@floatcapt=\box52
)
(C:\Program Files\MiKTeX\tex/latex/caption\subcaption.sty
Package: subcaption 2023/02/19 v1.6 Sub-captions (AR)

(C:\Program Files\MiKTeX\tex/latex/caption\caption.sty
Package: caption 2023/03/12 v3.6j Customizing captions (AR)

(C:\Program Files\MiKTeX\tex/latex/caption\caption3.sty
Package: caption3 2023/03/12 v2.4 caption3 kernel (AR)

(C:\Program Files\MiKTeX\tex/latex/graphics\keyval.sty
Package: keyval 2022/05/29 v1.15 key=value parser (DPC)
\KV@toks@=\toks18
)
\caption@tempdima=\dimen141
\captionmargin=\dimen142
\caption@leftmargin=\dimen143
\caption@rightmargin=\dimen144
\caption@width=\dimen145
\caption@indent=\dimen146
\caption@parindent=\dimen147
\caption@hangindent=\dimen148
Package caption Info: Standard document class detected.
)
\c@caption@flags=\count194
\c@continuedfloat=\count195
Package caption Info: float package is loaded.
)
Package caption Info: New subtype `subfigure' on input line 239.
\c@subfigure=\count196
Package caption Info: New subtype `subtable' on input line 239.
\c@subtable=\count197
)
(C:\Program Files\MiKTeX\tex/latex/booktabs\booktabs.sty
Package: booktabs 2020/01/12 v1.61803398 Publication quality tables
\heavyrulewidth=\dimen149
\lightrulewidth=\dimen150
\cmidrulewidth=\dimen151
\belowrulesep=\dimen152
\belowbottomsep=\dimen153
\aboverulesep=\dimen154
\abovetopsep=\dimen155
\cmidrulesep=\dimen156
\cmidrulekern=\dimen157
\defaultaddspace=\dimen158
\@cmidla=\count198
\@cmidlb=\count199
\@aboverulesep=\dimen159
\@belowrulesep=\dimen160
\@thisruleclass=\count266
\@lastruleclass=\count267
\@thisrulewidth=\dimen161
)
(C:\Program Files\MiKTeX\tex/latex/amsmath\amsmath.sty
Package: amsmath 2022/04/08 v2.17n AMS math features
\@mathmargin=\skip50

For additional information on amsmath, use the `?' option.
(C:\Program Files\MiKTeX\tex/latex/amsmath\amstext.sty
Package: amstext 2021/08/26 v2.01 AMS text

(C:\Program Files\MiKTeX\tex/latex/amsmath\amsgen.sty
File: amsgen.sty 1999/11/30 v2.0 generic functions
\@emptytoks=\toks19
\ex@=\dimen162
))
(C:\Program Files\MiKTeX\tex/latex/amsmath\amsbsy.sty
Package: amsbsy 1999/11/29 v1.2d Bold Symbols
\pmbraise@=\dimen163
)
(C:\Program Files\MiKTeX\tex/latex/amsmath\amsopn.sty
Package: amsopn 2022/04/08 v2.04 operator names
)
\inf@bad=\count268
LaTeX Info: Redefining \frac on input line 234.
\uproot@=\count269
\leftroot@=\count270
LaTeX Info: Redefining \overline on input line 399.
LaTeX Info: Redefining \colon on input line 410.
\classnum@=\count271
\DOTSCASE@=\count272
LaTeX Info: Redefining \ldots on input line 496.
LaTeX Info: Redefining \dots on input line 499.
LaTeX Info: Redefining \cdots on input line 620.
\Mathstrutbox@=\box53
\strutbox@=\box54
LaTeX Info: Redefining \big on input line 722.
LaTeX Info: Redefining \Big on input line 723.
LaTeX Info: Redefining \bigg on input line 724.
LaTeX Info: Redefining \Bigg on input line 725.
\big@size=\dimen164
LaTeX Font Info:    Redeclaring font encoding OML on input line 743.
LaTeX Font Info:    Redeclaring font encoding OMS on input line 744.
\macc@depth=\count273
LaTeX Info: Redefining \bmod on input line 905.
LaTeX Info: Redefining \pmod on input line 910.
LaTeX Info: Redefining \smash on input line 940.
LaTeX Info: Redefining \relbar on input line 970.
LaTeX Info: Redefining \Relbar on input line 971.
\c@MaxMatrixCols=\count274
\dotsspace@=\muskip16
\c@parentequation=\count275
\dspbrk@lvl=\count276
\tag@help=\toks20
\row@=\count277
\column@=\count278
\maxfields@=\count279
\andhelp@=\toks21
\eqnshift@=\dimen165
\alignsep@=\dimen166
\tagshift@=\dimen167
\tagwidth@=\dimen168
\totwidth@=\dimen169
\lineht@=\dimen170
\@envbody=\toks22
\multlinegap=\skip51
\multlinetaggap=\skip52
\mathdisplay@stack=\toks23
LaTeX Info: Redefining \[ on input line 2953.
LaTeX Info: Redefining \] on input line 2954.
)
(C:\Program Files\MiKTeX\tex/latex/amsfonts\amssymb.sty
Package: amssymb 2013/01/14 v3.01 AMS font symbols

(C:\Program Files\MiKTeX\tex/latex/amsfonts\amsfonts.sty
Package: amsfonts 2013/01/14 v3.01 Basic AMSFonts support
\symAMSa=\mathgroup4
\symAMSb=\mathgroup5
LaTeX Font Info:    Redeclaring math symbol \hbar on input line 98.
LaTeX Font Info:    Overwriting math alphabet `\mathfrak' in version `bold'
(Font)                  U/euf/m/n --> U/euf/b/n on input line 106.
))
(C:\Program Files\MiKTeX\tex/latex/graphics\graphicx.sty
Package: graphicx 2021/09/16 v1.2d Enhanced LaTeX Graphics (DPC,SPQR)

(C:\Program Files\MiKTeX\tex/latex/graphics\graphics.sty
Package: graphics 2022/03/10 v1.4e Standard LaTeX Graphics (DPC,SPQR)

(C:\Program Files\MiKTeX\tex/latex/graphics\trig.sty
Package: trig 2021/08/11 v1.11 sin cos tan (DPC)
)
(C:\Program Files\MiKTeX\tex/latex/graphics-cfg\graphics.cfg
File: graphics.cfg 2016/06/04 v1.11 sample graphics configuration
)
Package graphics Info: Driver file: pdftex.def on input line 107.

(C:\Program Files\MiKTeX\tex/latex/graphics-def\pdftex.def
File: pdftex.def 2022/09/22 v1.2b Graphics/color driver for pdftex
))
\Gin@req@height=\dimen171
\Gin@req@width=\dimen172
)
(C:\Program Files\MiKTeX\tex/latex/adjustbox\adjustbox.sty
Package: adjustbox 2022/10/17 v1.3a Adjusting TeX boxes (trim, clip, ...)

(C:\Program Files\MiKTeX\tex/latex/xkeyval\xkeyval.sty
Package: xkeyval 2022/06/16 v2.9 package option processing (HA)

(C:\Program Files\MiKTeX\tex/generic/xkeyval\xkeyval.tex
(C:\Program Files\MiKTeX\tex/generic/xkeyval\xkvutils.tex
\XKV@toks=\toks24
\XKV@tempa@toks=\toks25
)
\XKV@depth=\count280
File: xkeyval.tex 2014/12/03 v2.7a key=value parser (HA)
))
(C:\Program Files\MiKTeX\tex/latex/adjustbox\adjcalc.sty
Package: adjcalc 2012/05/16 v1.1 Provides advanced setlength with multiple back
-ends (calc, etex, pgfmath)
)
(C:\Program Files\MiKTeX\tex/latex/adjustbox\trimclip.sty
Package: trimclip 2020/08/19 v1.2 Trim and clip general TeX material

(C:\Program Files\MiKTeX\tex/latex/collectbox\collectbox.sty
Package: collectbox 2022/10/17 v0.4c Collect macro arguments as boxes
\collectedbox=\box55
)
\tc@llx=\dimen173
\tc@lly=\dimen174
\tc@urx=\dimen175
\tc@ury=\dimen176
Package trimclip Info: Using driver 'tc-pdftex.def'.

(C:\Program Files\MiKTeX\tex/latex/adjustbox\tc-pdftex.def
File: tc-pdftex.def 2019/01/04 v2.2 Clipping driver for pdftex
))
\adjbox@Width=\dimen177
\adjbox@Height=\dimen178
\adjbox@Depth=\dimen179
\adjbox@Totalheight=\dimen180
\adjbox@pwidth=\dimen181
\adjbox@pheight=\dimen182
\adjbox@pdepth=\dimen183
\adjbox@ptotalheight=\dimen184

(C:\Program Files\MiKTeX\tex/latex/ifoddpage\ifoddpage.sty
Package: ifoddpage 2022/10/18 v1.2 Conditionals for odd/even page detection
\c@checkoddpage=\count281
)
(C:\Program Files\MiKTeX\tex/latex/varwidth\varwidth.sty
Package: varwidth 2009/03/30 ver 0.92;  Variable-width minipages
\@vwid@box=\box56
\sift@deathcycles=\count282
\@vwid@loff=\dimen185
\@vwid@roff=\dimen186
))
(C:\Program Files\MiKTeX\tex/latex/tools\longtable.sty
Package: longtable 2021-09-01 v4.17 Multi-page Table package (DPC)
\LTleft=\skip53
\LTright=\skip54
\LTpre=\skip55
\LTpost=\skip56
\LTchunksize=\count283
\LTcapwidth=\dimen187
\LT@head=\box57
\LT@firsthead=\box58
\LT@foot=\box59
\LT@lastfoot=\box60
\LT@gbox=\box61
\LT@cols=\count284
\LT@rows=\count285
\c@LT@tables=\count286
\c@LT@chunks=\count287
\LT@p@ftn=\toks26
)
(C:\Program Files\MiKTeX\tex/latex/tools\array.sty
Package: array 2022/09/04 v2.5g Tabular extension package (FMi)
\col@sep=\dimen188
\ar@mcellbox=\box62
\extrarowheight=\dimen189
\NC@list=\toks27
\extratabsurround=\skip57
\backup@length=\skip58
\ar@cellbox=\box63
)
(C:\Program Files\MiKTeX\tex/latex/csquotes\csquotes.sty
Package: csquotes 2022-09-14 v5.2n context-sensitive quotations (JAW)

(C:\Program Files\MiKTeX\tex/latex/etoolbox\etoolbox.sty
Package: etoolbox 2020/10/05 v2.5k e-TeX tools for LaTeX (JAW)
\etb@tempcnta=\count288
)
\csq@reset=\count289
\csq@gtype=\count290
\csq@glevel=\count291
\csq@qlevel=\count292
\csq@maxlvl=\count293
\csq@tshold=\count294
\csq@ltx@everypar=\toks28

(C:\Program Files\MiKTeX\tex/latex/csquotes\csquotes.def
File: csquotes.def 2022-09-14 v5.2n csquotes generic definitions (JAW)
)
Package csquotes Info: Trying to load configuration file 'csquotes.cfg'...
Package csquotes Info: ... configuration file loaded successfully.

(C:\Program Files\MiKTeX\tex/latex/csquotes\csquotes.cfg
File: csquotes.cfg 
))
(C:\Program Files\MiKTeX\tex/latex/multirow\multirow.sty
Package: multirow 2021/03/15 v2.8 Span multiple rows of a table
\multirow@colwidth=\skip59
\multirow@cntb=\count295
\multirow@dima=\skip60
\bigstrutjot=\dimen190
)
(C:\Program Files\MiKTeX\tex/latex/tools\calc.sty
Package: calc 2017/05/25 v4.3 Infix arithmetic (KKT,FJ)
\calc@Acount=\count296
\calc@Bcount=\count297
\calc@Adimen=\dimen191
\calc@Bdimen=\dimen192
\calc@Askip=\skip61
\calc@Bskip=\skip62
LaTeX Info: Redefining \setlength on input line 80.
LaTeX Info: Redefining \addtolength on input line 81.
\calc@Ccount=\count298
\calc@Cskip=\skip63
)
Package csquotes Info: Checking for multilingual support...
Package csquotes Info: ... none found.

(C:\Program Files\MiKTeX\tex/latex/l3backend\l3backend-pdftex.def
File: l3backend-pdftex.def 2023-03-30 L3 backend support: PDF output (pdfTeX)
\l__color_backend_stack_int=\count299
\l__pdf_internal_box=\box64
) (doc.aux

LaTeX Warning: Label `fig:Relative_weight' multiply defined.


LaTeX Warning: Label `cv' multiply defined.


LaTeX Warning: Label `sub@cv' multiply defined.


LaTeX Warning: Label `umass' multiply defined.


LaTeX Warning: Label `sub@umass' multiply defined.


LaTeX Warning: Label `cv_umass' multiply defined.


LaTeX Warning: Label `cv' multiply defined.


LaTeX Warning: Label `sub@cv' multiply defined.


LaTeX Warning: Label `umass' multiply defined.


LaTeX Warning: Label `sub@umass' multiply defined.


LaTeX Warning: Label `cv_umass' multiply defined.


LaTeX Warning: Label `cv' multiply defined.


LaTeX Warning: Label `sub@cv' multiply defined.


LaTeX Warning: Label `umass' multiply defined.


LaTeX Warning: Label `sub@umass' multiply defined.


LaTeX Warning: Label `cv' multiply defined.


LaTeX Warning: Label `sub@cv' multiply defined.


LaTeX Warning: Label `umass' multiply defined.


LaTeX Warning: Label `sub@umass' multiply defined.


LaTeX Warning: Label `cv_umass' multiply defined.


LaTeX Warning: Label `cv' multiply defined.


LaTeX Warning: Label `sub@cv' multiply defined.


LaTeX Warning: Label `umass' multiply defined.


LaTeX Warning: Label `sub@umass' multiply defined.


LaTeX Warning: Label `cv_umass' multiply defined.

)
\openout1 = `doc.aux'.

LaTeX Font Info:    Checking defaults for OML/cmm/m/it on input line 23.
LaTeX Font Info:    ... okay on input line 23.
LaTeX Font Info:    Checking defaults for OMS/cmsy/m/n on input line 23.
LaTeX Font Info:    ... okay on input line 23.
LaTeX Font Info:    Checking defaults for OT1/cmr/m/n on input line 23.
LaTeX Font Info:    ... okay on input line 23.
LaTeX Font Info:    Checking defaults for T1/cmr/m/n on input line 23.
LaTeX Font Info:    ... okay on input line 23.
LaTeX Font Info:    Checking defaults for TS1/cmr/m/n on input line 23.
LaTeX Font Info:    ... okay on input line 23.
LaTeX Font Info:    Checking defaults for OMX/cmex/m/n on input line 23.
LaTeX Font Info:    ... okay on input line 23.
LaTeX Font Info:    Checking defaults for U/cmr/m/n on input line 23.
LaTeX Font Info:    ... okay on input line 23.
Package caption Info: Begin \AtBeginDocument code.
Package caption Info: longtable package is loaded.
 (C:\Program Files\MiKTeX\tex/latex/caption\ltcaption.sty
Package: ltcaption 2021/01/08 v1.4c longtable captions (AR)
)
Package caption Info: End \AtBeginDocument code.

(C:\Program Files\MiKTeX\tex/context/base/mkii\supp-pdf.mkii
[Loading MPS to PDF converter (version 2006.09.02).]
\scratchcounter=\count300
\scratchdimen=\dimen193
\scratchbox=\box65
\nofMPsegments=\count301
\nofMParguments=\count302
\everyMPshowfont=\toks29
\MPscratchCnt=\count303
\MPscratchDim=\dimen194
\MPnumerator=\count304
\makeMPintoPDFobject=\count305
\everyMPtoPDFconversion=\toks30
) (C:\Program Files\MiKTeX\tex/latex/epstopdf-pkg\epstopdf-base.sty
Package: epstopdf-base 2020-01-24 v2.11 Base part for package epstopdf
Package epstopdf-base Info: Redefining graphics rule for `.eps' on input line 4
85.

(C:\Program Files\MiKTeX\tex/latex/00miktex\epstopdf-sys.cfg
File: epstopdf-sys.cfg 2021/03/18 v2.0 Configuration of epstopdf for MiKTeX
))
LaTeX Font Info:    Trying to load font information for U+msa on input line 24.


(C:\Program Files\MiKTeX\tex/latex/amsfonts\umsa.fd
File: umsa.fd 2013/01/14 v3.01 AMS symbols A
)
LaTeX Font Info:    Trying to load font information for U+msb on input line 24.


(C:\Program Files\MiKTeX\tex/latex/amsfonts\umsb.fd
File: umsb.fd 2013/01/14 v3.01 AMS symbols B
)

LaTeX Warning: Citation `chen2018' on page 1 undefined on input line 25.


Overfull \hbox (1.38182pt too wide) in paragraph at lines 25--26
[]\OT1/cmr/m/n/12 We have now added a ti-tle, au-thor and date to our first L[]
T[]X document![[]] 
 []

[1

{C:/Users/iftek/AppData/Local/MiKTeX/fonts/map/pdftex/pdftex.map}]

LaTeX Warning: Citation `oz2015investigation' on page 2 undefined on input line
 33.

[2] [3] [4] [5] [6] [7]
Overfull \hbox (10.81079pt too wide) in paragraph at lines 109--115
[]\OT1/cmr/bx/n/12 Part-of-Speech Tag-ging\OT1/cmr/m/n/12 : Spacy's En-glish mo
del `en[]core[]web[]sm'
 []


Overfull \hbox (0.36136pt too wide) in paragraph at lines 138--144
[]\OT1/cmr/m/n/12 Trained LDA Model: Dur-ing the train-ing phase gen-sim's Mul-
ti-coreLDA
 []

[8]
<Figs/cv.png, id=39, 418.4433pt x 315.8199pt>
File: Figs/cv.png Graphic file (type png)
<use Figs/cv.png>
Package pdftex.def Info: Figs/cv.png  used on input line 155.
(pdftex.def)             Requested size: 175.49881pt x 132.4555pt.
<Figs/umass.png, id=41, 419.166pt x 315.8199pt>
File: Figs/umass.png Graphic file (type png)
<use Figs/umass.png>
Package pdftex.def Info: Figs/umass.png  used on input line 161.
(pdftex.def)             Requested size: 175.49881pt x 132.229pt.
 [9 <./Figs/cv.png> <./Figs/umass.png>]
<Figs/relative_imp.png, id=48, 1302.8675pt x 622.325pt>
File: Figs/relative_imp.png Graphic file (type png)
<use Figs/relative_imp.png>
Package pdftex.def Info: Figs/relative_imp.png  used on input line 239.
(pdftex.def)             Requested size: 390.0pt x 186.28111pt.


LaTeX Warning: `h' float specifier changed to `ht'.

[10] [11 <./Figs/relative_imp.png>]
<Figs/pyldvis.png, id=57, 808.01875pt x 423.08063pt>
File: Figs/pyldvis.png Graphic file (type png)
<use Figs/pyldvis.png>
Package pdftex.def Info: Figs/pyldvis.png  used on input line 284.
(pdftex.def)             Requested size: 390.0pt x 204.20613pt.
 [12 <./Figs/pyldvis.png>]
<Figs/mobile_app_01.png, id=62, 843.15pt x 494.84875pt>
File: Figs/mobile_app_01.png Graphic file (type png)
<use Figs/mobile_app_01.png>
Package pdftex.def Info: Figs/mobile_app_01.png  used on input line 304.
(pdftex.def)             Requested size: 390.0pt x 228.89417pt.
<Figs/mobile_app_02.png, id=63, 835.12pt x 493.34312pt>
File: Figs/mobile_app_02.png Graphic file (type png)
<use Figs/mobile_app_02.png>
Package pdftex.def Info: Figs/mobile_app_02.png  used on input line 311.
(pdftex.def)             Requested size: 390.0pt x 230.39584pt.


LaTeX Warning: `!h' float specifier changed to `!ht'.


Overfull \hbox (30.18452pt too wide) in paragraph at lines 321--322
\OT1/cmr/m/n/12 In the sur-vey ques-tions, it was in-di-cated whether the stu-d
ents, teach-ers/instructors,
 []

[13]

LaTeX Warning: Text page 14 contains only floats.


Overfull \vbox (3.48997pt too high) has occurred while \output is active []


[14 <./Figs/mobile_app_01.png> <./Figs/mobile_app_02.png>]
<Figs/institution_size.png, id=73, 719.18687pt x 254.9525pt>
File: Figs/institution_size.png Graphic file (type png)
<use Figs/institution_size.png>
Package pdftex.def Info: Figs/institution_size.png  used on input line 333.
(pdftex.def)             Requested size: 187.19833pt x 66.35999pt.
<Figs/english_teaching_class.png, id=74, 579.16376pt x 262.9825pt>
File: Figs/english_teaching_class.png Graphic file (type png)
<use Figs/english_teaching_class.png>
Package pdftex.def Info: Figs/english_teaching_class.png  used on input line 33
9.
(pdftex.def)             Requested size: 187.19833pt x 84.9988pt.

Underfull \hbox (badness 10000) in paragraph at lines 340--340
[]\OT1/cmr/m/n/10.95 (b) |Par-tic-i-pat-ing in-struc-tors'
 []

<Figs/num_stu.png, id=75, 461.22313pt x 207.77625pt>
File: Figs/num_stu.png Graphic file (type png)
<use Figs/num_stu.png>
Package pdftex.def Info: Figs/num_stu.png  used on input line 352.
(pdftex.def)             Requested size: 187.19833pt x 84.32962pt.
<Figs/class_size.png, id=76, 438.63875pt x 207.27437pt>
File: Figs/class_size.png Graphic file (type png)
<use Figs/class_size.png>
Package pdftex.def Info: Figs/class_size.png  used on input line 358.
(pdftex.def)             Requested size: 187.19833pt x 88.4589pt.
[15 <./Figs/institution_size.png> <./Figs/english_teaching_class.png> <./Figs/n
um_stu.png> <./Figs/class_size.png>]
File: Figs/num_stu.png Graphic file (type png)
<use Figs/num_stu.png>
Package pdftex.def Info: Figs/num_stu.png  used on input line 372.
(pdftex.def)             Requested size: 187.19833pt x 84.32962pt.
<Figs/experience.png, id=84, 495.8525pt x 240.39813pt>
File: Figs/experience.png Graphic file (type png)
<use Figs/experience.png>
Package pdftex.def Info: Figs/experience.png  used on input line 378.
(pdftex.def)             Requested size: 175.49881pt x 85.08331pt.
<Figs/replace.png, id=85, 482.80376pt x 241.40187pt>
File: Figs/replace.png Graphic file (type png)
<use Figs/replace.png>
Package pdftex.def Info: Figs/replace.png  used on input line 383.
(pdftex.def)             Requested size: 171.60095pt x 85.79955pt.
<Figs/app_motivates.png, id=86, 541.52313pt x 243.91125pt>
File: Figs/app_motivates.png Graphic file (type png)
<use Figs/app_motivates.png>
Package pdftex.def Info: Figs/app_motivates.png  used on input line 389.
(pdftex.def)             Requested size: 183.30048pt x 82.56026pt.
 [16 <./Figs/experience.png> <./Figs/replace.png> <./Figs/app_motivates.png>]
Overfull \hbox (4.49779pt too wide) in paragraph at lines 434--434
[]\OT1/cmr/bx/n/17.28 Linguistic In-quiry and Word Count (LIWC)
 []


Overfull \hbox (10.80707pt too wide) in paragraph at lines 464--465
[]\OT1/cmr/bx/n/12 Traditional 
 []


Overfull \hbox (10.93175pt too wide) in paragraph at lines 466--467
[]\OT1/cmr/bx/n/12 Answer 
 []


Overfull \hbox (10.8347pt too wide) in paragraph at lines 470--471
[]\OT1/cmr/bx/n/12 Answer 
 []


Overfull \hbox (11.76149pt too wide) in paragraph at lines 474--475
[]\OT1/cmr/bx/n/12 Answer 
 []


Overfull \hbox (1.79951pt too wide) in paragraph at lines 476--477
[]\OT1/cmr/bx/n/12 Standard 
 []


Overfull \hbox (2.06401pt too wide) in paragraph at lines 483--483
[]|\OT1/cmr/bx/n/12 Cognitive 
 []


Overfull \hbox (20.59877pt too wide) in paragraph at lines 486--486
[]|\OT1/cmr/bx/n/12 Moralization|  
 []

[17]
<Figs/app_impv.png, id=99, 679.53876pt x 328.22626pt>
File: Figs/app_impv.png Graphic file (type png)
<use Figs/app_impv.png>
Package pdftex.def Info: Figs/app_impv.png  used on input line 516.
(pdftex.def)             Requested size: 187.19833pt x 90.41525pt.
<Figs/eng_app_impv.png, id=100, 730.73pt x 338.76563pt>
File: Figs/eng_app_impv.png Graphic file (type png)
<use Figs/eng_app_impv.png>
Package pdftex.def Info: Figs/eng_app_impv.png  used on input line 522.
(pdftex.def)             Requested size: 187.19833pt x 86.78468pt.


LaTeX Warning: `!h' float specifier changed to `!ht'.

[18] [19 <./Figs/app_impv.png> <./Figs/eng_app_impv.png>] [20]

LaTeX Warning: Citation `gaur2019knowledge' on page 21 undefined on input line 
626.


LaTeX Warning: Citation `gaur2019knowledge' on page 21 undefined on input line 
626.


LaTeX Warning: Citation `aldhyani2022detecting' on page 21 undefined on input l
ine 629.


LaTeX Warning: Reference `redditdist' on page 21 undefined on input line 629.

[21] [22]

LaTeX Warning: Citation `castillo2020suicide' on page 23 undefined on input lin
e 636.


LaTeX Warning: Citation `chancellor2020methods' on page 23 undefined on input l
ine 636.


LaTeX Warning: Citation `zhang2022natural' on page 23 undefined on input line 6
36.


LaTeX Warning: Citation `wang2020depression' on page 23 undefined on input line
 636.


LaTeX Warning: Citation `malhotra2022deep' on page 23 undefined on input line 6
36.


LaTeX Warning: Citation `zhang2022natural' on page 23 undefined on input line 6
36.


LaTeX Warning: Citation `chancellor2020methods' on page 23 undefined on input l
ine 636.


LaTeX Warning: Citation `aldhyani2022detecting' on page 23 undefined on input l
ine 639.


LaTeX Warning: Citation `wang2020depression' on page 23 undefined on input line
 639.


LaTeX Warning: Citation `shetty2020predicting' on page 23 undefined on input li
ne 639.


LaTeX Warning: Citation `pennebaker2001linguistic' on page 23 undefined on inpu
t line 642.


LaTeX Warning: Citation `tadesse2019detection' on page 23 undefined on input li
ne 642.


LaTeX Warning: Citation `harvesting_social_media' on page 23 undefined on input
 line 643.

[23]

LaTeX Warning: Citation `aldhyani2022detecting' on page 24 undefined on input l
ine 645.


LaTeX Warning: Citation `aldhyani2022detecting' on page 24 undefined on input l
ine 645.


LaTeX Warning: Citation `zogan2021depressionnet' on page 24 undefined on input 
line 645.


LaTeX Warning: Citation `burnap2015machine' on page 24 undefined on input line 
645.


LaTeX Warning: Citation `chancellor2020methods' on page 24 undefined on input l
ine 645.


LaTeX Warning: Citation `martinengo2019suicide' on page 24 undefined on input l
ine 648.


LaTeX Warning: Citation `suicidaldepression_online' on page 24 undefined on inp
ut line 648.


LaTeX Warning: Reference `fig:res_diagram' on page 24 undefined on input line 6
50.


LaTeX Warning: Reference `redditdist_twitterdist' on page 24 undefined on input
 line 654.

[24]

LaTeX Warning: Reference `redditdist_twitterdist' on page 25 undefined on input
 line 656.


LaTeX Warning: Reference `features_vis_pro_exp' on page 25 undefined on input l
ine 662.

[25]

LaTeX Warning: Reference `Bigram_features_exp' on page 26 undefined on input li
ne 697.

[26]

LaTeX Warning: Reference `SVMTFIDF' on page 27 undefined on input line 759.


LaTeX Warning: Reference `Suicidal_int_vis' on page 27 undefined on input line 
759.


LaTeX Warning: Reference `SVMTFIDF' on page 27 undefined on input line 759.

[27] [28] (doc.bbl [29]
Underfull \hbox (badness 4181) in paragraph at lines 85--89
[]\OT1/cmr/m/n/12 Rahul Ku-mar Gupta, Ritu Agar-walla, Bukya He-manth Naik,
 []

[30]
Underfull \hbox (badness 1354) in paragraph at lines 156--164
\OT1/cmr/m/n/12 om-mender Sys-tems.  In Ob-du-lia Pichardo La-gu-nas, Os-car He
r-
 []

[31]
Underfull \hbox (badness 1354) in paragraph at lines 166--174
\OT1/cmr/m/n/12 om-mender Sys-tems.  In Ob-du-lia Pichardo La-gu-nas, Os-car He
r-
 []

[32]
Underfull \hbox (badness 1490) in paragraph at lines 235--243
\OT1/cmr/m/it/12 ing\OT1/cmr/m/n/12 , 36(3):517--554, March 2023.  Pub-lisher: 
Rout-ledge []eprint:
 []


Underfull \hbox (badness 5847) in paragraph at lines 254--258
[]\OT1/cmr/m/n/12 Bangladesh Bu-reau of Ed-u-ca-tional In-for-ma-tion and Stati
s-tics.
 []

[33]) [34] (doc.aux)

LaTeX Warning: There were undefined references.


LaTeX Warning: There were multiply-defined labels.

 ) 
Here is how much of TeX's memory you used:
 6828 strings out of 476331
 113949 string characters out of 5797581
 1868660 words of memory out of 5000000
 27165 multiletter control sequences out of 15000+600000
 524601 words of font info for 79 fonts, out of 8000000 for 9000
 1141 hyphenation exceptions out of 8191
 69i,11n,77p,2240b,625s stack positions out of 10000i,1000n,20000p,200000b,200000s
 <C:\Users\iftek\AppData\Local\MiKTeX\fonts/pk/ljfour/jknappen/ec/dpi600\tcrm
0700.pk> <C:\Users\iftek\AppData\Local\MiKTeX\fonts/pk/ljfour/jknappen/ec/dpi60
0\tcrm1200.pk> <C:\Users\iftek\AppData\Local\MiKTeX\fonts/pk/ljfour/jknappen/ec
/dpi600\tcrm1000.pk><C:/Program Files/MiKTeX/fonts/type1/public/amsfonts/cm/cmb
x12.pfb><C:/Program Files/MiKTeX/fonts/type1/public/amsfonts/cm/cmex10.pfb><C:/
Program Files/MiKTeX/fonts/type1/public/amsfonts/cmextra/cmex8.pfb><C:/Program 
Files/MiKTeX/fonts/type1/public/amsfonts/cm/cmmi10.pfb><C:/Program Files/MiKTeX
/fonts/type1/public/amsfonts/cm/cmmi12.pfb><C:/Program Files/MiKTeX/fonts/type1
/public/amsfonts/cm/cmmi6.pfb><C:/Program Files/MiKTeX/fonts/type1/public/amsfo
nts/cm/cmmi8.pfb><C:/Program Files/MiKTeX/fonts/type1/public/amsfonts/cm/cmr10.
pfb><C:/Program Files/MiKTeX/fonts/type1/public/amsfonts/cm/cmr12.pfb><C:/Progr
am Files/MiKTeX/fonts/type1/public/amsfonts/cm/cmr17.pfb><C:/Program Files/MiKT
eX/fonts/type1/public/amsfonts/cm/cmr6.pfb><C:/Program Files/MiKTeX/fonts/type1
/public/amsfonts/cm/cmr8.pfb><C:/Program Files/MiKTeX/fonts/type1/public/amsfon
ts/cm/cmsy10.pfb><C:/Program Files/MiKTeX/fonts/type1/public/amsfonts/cm/cmsy8.
pfb><C:/Program Files/MiKTeX/fonts/type1/public/amsfonts/cm/cmti12.pfb>
Output written on doc.pdf (34 pages, 1926611 bytes).
PDF statistics:
 232 PDF objects out of 1000 (max. 8388607)
 0 named destinations out of 1000 (max. 500000)
 76 words of extra memory for PDF output out of 10000 (max. 10000000)

