This is pdfTeX, Version 3.141592653-2.6-1.40.25 (MiKTeX 23.4) (preloaded format=pdflatex 2023.6.7)  4 SEP 2023 14:51
entering extended mode
 restricted \write18 enabled.
 %&-line parsing enabled.
**./sn-article.tex
(sn-article.tex
LaTeX2e <2022-11-01> patch level 1
L3 programming layer <2023-03-30> (sn-jnl.cls
Document Class: sn-jnl 2019/11/18 v0.1: An authoring template for Springer Jour
nal articles
(C:\Program Files\MiKTeX\tex/latex/base\article.cls
Document Class: article 2022/07/02 v1.4n Standard LaTeX document class
(C:\Program Files\MiKTeX\tex/latex/base\fleqn.clo
File: fleqn.clo 2016/12/29 v1.2b Standard LaTeX option (flush left equations)
\mathindent=\skip48
Applying: [2015/01/01] Make \[ robust on input line 50.
LaTeX Info: Redefining \[ on input line 51.
Already applied: [0000/00/00] Make \[ robust on input line 62.
Applying: [2015/01/01] Make \] robust on input line 74.
LaTeX Info: Redefining \] on input line 75.
Already applied: [0000/00/00] Make \] robust on input line 83.
)
(C:\Program Files\MiKTeX\tex/latex/base\size10.clo
File: size10.clo 2022/07/02 v1.4n Standard LaTeX file (size option)
)
\c@part=\count185
\c@section=\count186
\c@subsection=\count187
\c@subsubsection=\count188
\c@paragraph=\count189
\c@subparagraph=\count190
\c@figure=\count191
\c@table=\count192
\abovecaptionskip=\skip49
\belowcaptionskip=\skip50
\bibindent=\dimen140
)
LaTeX Info: Redefining \rm on input line 138.
LaTeX Info: Redefining \sf on input line 139.
LaTeX Info: Redefining \tt on input line 140.
LaTeX Info: Redefining \bf on input line 141.
LaTeX Info: Redefining \it on input line 142.
LaTeX Info: Redefining \sl on input line 143.
LaTeX Info: Redefining \sc on input line 144.
LaTeX Info: Redefining \cal on input line 145.
LaTeX Info: Redefining \mit on input line 146.
LaTeX Info: Redefining \textsubscript on input line 204.
\columnhsize=\skip51

(C:\Program Files\MiKTeX\tex/latex/geometry\geometry.sty
Package: geometry 2020/01/02 v5.9 Page Geometry

(C:\Program Files\MiKTeX\tex/latex/graphics\keyval.sty
Package: keyval 2022/05/29 v1.15 key=value parser (DPC)
\KV@toks@=\toks16
)
(C:\Program Files\MiKTeX\tex/generic/iftex\ifvtex.sty
Package: ifvtex 2019/10/25 v1.7 ifvtex legacy package. Use iftex instead.

(C:\Program Files\MiKTeX\tex/generic/iftex\iftex.sty
Package: iftex 2022/02/03 v1.0f TeX engine tests
))
\Gm@cnth=\count193
\Gm@cntv=\count194
\c@Gm@tempcnt=\count195
\Gm@bindingoffset=\dimen141
\Gm@wd@mp=\dimen142
\Gm@odd@mp=\dimen143
\Gm@even@mp=\dimen144
\Gm@layoutwidth=\dimen145
\Gm@layoutheight=\dimen146
\Gm@layouthoffset=\dimen147
\Gm@layoutvoffset=\dimen148
\Gm@dimlist=\toks17

(C:\Program Files\MiKTeX\tex/latex/geometry\geometry.cfg))
(C:\Program Files\MiKTeX\tex/latex/graphics\graphicx.sty
Package: graphicx 2021/09/16 v1.2d Enhanced LaTeX Graphics (DPC,SPQR)

(C:\Program Files\MiKTeX\tex/latex/graphics\graphics.sty
Package: graphics 2022/03/10 v1.4e Standard LaTeX Graphics (DPC,SPQR)

(C:\Program Files\MiKTeX\tex/latex/graphics\trig.sty
Package: trig 2021/08/11 v1.11 sin cos tan (DPC)
)
(C:\Program Files\MiKTeX\tex/latex/graphics-cfg\graphics.cfg
File: graphics.cfg 2016/06/04 v1.11 sample graphics configuration
)
Package graphics Info: Driver file: pdftex.def on input line 107.

(C:\Program Files\MiKTeX\tex/latex/graphics-def\pdftex.def
File: pdftex.def 2022/09/22 v1.2b Graphics/color driver for pdftex
))
\Gin@req@height=\dimen149
\Gin@req@width=\dimen150
)
(C:\Program Files\MiKTeX\tex/latex/multirow\multirow.sty
Package: multirow 2021/03/15 v2.8 Span multiple rows of a table
\multirow@colwidth=\skip52
\multirow@cntb=\count196
\multirow@dima=\skip53
\bigstrutjot=\dimen151
)
(C:\Program Files\MiKTeX\tex/latex/amsmath\amsmath.sty
Package: amsmath 2022/04/08 v2.17n AMS math features
\@mathmargin=\skip54

For additional information on amsmath, use the `?' option.
(C:\Program Files\MiKTeX\tex/latex/amsmath\amstext.sty
Package: amstext 2021/08/26 v2.01 AMS text

(C:\Program Files\MiKTeX\tex/latex/amsmath\amsgen.sty
File: amsgen.sty 1999/11/30 v2.0 generic functions
\@emptytoks=\toks18
\ex@=\dimen152
))
(C:\Program Files\MiKTeX\tex/latex/amsmath\amsbsy.sty
Package: amsbsy 1999/11/29 v1.2d Bold Symbols
\pmbraise@=\dimen153
)
(C:\Program Files\MiKTeX\tex/latex/amsmath\amsopn.sty
Package: amsopn 2022/04/08 v2.04 operator names
)
\inf@bad=\count197
LaTeX Info: Redefining \frac on input line 234.
\uproot@=\count198
\leftroot@=\count199
LaTeX Info: Redefining \overline on input line 399.
LaTeX Info: Redefining \colon on input line 410.
\classnum@=\count266
\DOTSCASE@=\count267
LaTeX Info: Redefining \ldots on input line 496.
LaTeX Info: Redefining \dots on input line 499.
LaTeX Info: Redefining \cdots on input line 620.
\Mathstrutbox@=\box51
\strutbox@=\box52
LaTeX Info: Redefining \big on input line 722.
LaTeX Info: Redefining \Big on input line 723.
LaTeX Info: Redefining \bigg on input line 724.
LaTeX Info: Redefining \Bigg on input line 725.
\big@size=\dimen154
LaTeX Font Info:    Redeclaring font encoding OML on input line 743.
LaTeX Font Info:    Redeclaring font encoding OMS on input line 744.
\macc@depth=\count268
LaTeX Info: Redefining \bmod on input line 905.
LaTeX Info: Redefining \pmod on input line 910.
LaTeX Info: Redefining \smash on input line 940.
LaTeX Info: Redefining \relbar on input line 970.
LaTeX Info: Redefining \Relbar on input line 971.
\c@MaxMatrixCols=\count269
\dotsspace@=\muskip16
\c@parentequation=\count270
\dspbrk@lvl=\count271
\tag@help=\toks19
\row@=\count272
\column@=\count273
\maxfields@=\count274
\andhelp@=\toks20
\eqnshift@=\dimen155
\alignsep@=\dimen156
\tagshift@=\dimen157
\tagwidth@=\dimen158
\totwidth@=\dimen159
\lineht@=\dimen160
\@envbody=\toks21
\multlinegap=\skip55
\multlinetaggap=\skip56
\mathdisplay@stack=\toks22
LaTeX Info: Redefining \[ on input line 2953.
LaTeX Info: Redefining \] on input line 2954.
)
(C:\Program Files\MiKTeX\tex/latex/amsfonts\amssymb.sty
Package: amssymb 2013/01/14 v3.01 AMS font symbols

(C:\Program Files\MiKTeX\tex/latex/amsfonts\amsfonts.sty
Package: amsfonts 2013/01/14 v3.01 Basic AMSFonts support
\symAMSa=\mathgroup4
\symAMSb=\mathgroup5
LaTeX Font Info:    Redeclaring math symbol \hbar on input line 98.
LaTeX Font Info:    Overwriting math alphabet `\mathfrak' in version `bold'
(Font)                  U/euf/m/n --> U/euf/b/n on input line 106.
))
(C:\Program Files\MiKTeX\tex/latex/amscls\amsthm.sty
Package: amsthm 2020/05/29 v2.20.6
\thm@style=\toks23
\thm@bodyfont=\toks24
\thm@headfont=\toks25
\thm@notefont=\toks26
\thm@headpunct=\toks27
\thm@preskip=\skip57
\thm@postskip=\skip58
\thm@headsep=\skip59
\dth@everypar=\toks28
)
(C:\Program Files\MiKTeX\tex/latex/jknappen\mathrsfs.sty
Package: mathrsfs 1996/01/01 Math RSFS package v1.0 (jk)
\symrsfs=\mathgroup6
)
(C:\Program Files\MiKTeX\tex/latex/graphics\rotating.sty
Package: rotating 2016/08/11 v2.16d rotated objects in LaTeX

(C:\Program Files\MiKTeX\tex/latex/base\ifthen.sty
Package: ifthen 2022/04/13 v1.1d Standard LaTeX ifthen package (DPC)
)
\c@r@tfl@t=\count275
\rotFPtop=\skip60
\rotFPbot=\skip61
\rot@float@box=\box53
\rot@mess@toks=\toks29
)
(C:\Program Files\MiKTeX\tex/latex/appendix\appendix.sty
Package: appendix 2020/02/08 v1.2c extra appendix facilities
\c@@pps=\count276
\c@@ppsavesec=\count277
\c@@ppsaveapp=\count278
)
(C:\Program Files\MiKTeX\tex/latex/xcolor\xcolor.sty
Package: xcolor 2022/06/12 v2.14 LaTeX color extensions (UK)

(C:\Program Files\MiKTeX\tex/latex/graphics-cfg\color.cfg
File: color.cfg 2016/01/02 v1.6 sample color configuration
)
Package xcolor Info: Driver file: pdftex.def on input line 227.

(C:\Program Files\MiKTeX\tex/latex/graphics\mathcolor.ltx)
Package xcolor Info: Model `cmy' substituted by `cmy0' on input line 1353.
Package xcolor Info: Model `hsb' substituted by `rgb' on input line 1357.
Package xcolor Info: Model `RGB' extended on input line 1369.
Package xcolor Info: Model `HTML' substituted by `rgb' on input line 1371.
Package xcolor Info: Model `Hsb' substituted by `hsb' on input line 1372.
Package xcolor Info: Model `tHsb' substituted by `hsb' on input line 1373.
Package xcolor Info: Model `HSB' substituted by `hsb' on input line 1374.
Package xcolor Info: Model `Gray' substituted by `gray' on input line 1375.
Package xcolor Info: Model `wave' substituted by `hsb' on input line 1376.
)
(C:\Program Files\MiKTeX\tex/latex/base\textcomp.sty
Package: textcomp 2020/02/02 v2.0n Standard LaTeX package
)
(C:\Program Files\MiKTeX\tex/latex/ncctools\manyfoot.sty
Package: manyfoot 2019/08/03 v1.11 Many Footnote Levels Package (NCC)

(C:\Program Files\MiKTeX\tex/latex/ncctools\nccfoots.sty
Package: nccfoots 2005/02/03 v1.2 NCC Footnotes Package (NCC)
)
\MFL@columnwidth=\dimen161
)
(C:\Program Files\MiKTeX\tex/latex/booktabs\booktabs.sty
Package: booktabs 2020/01/12 v1.61803398 Publication quality tables
\heavyrulewidth=\dimen162
\lightrulewidth=\dimen163
\cmidrulewidth=\dimen164
\belowrulesep=\dimen165
\belowbottomsep=\dimen166
\aboverulesep=\dimen167
\abovetopsep=\dimen168
\cmidrulesep=\dimen169
\cmidrulekern=\dimen170
\defaultaddspace=\dimen171
\@cmidla=\count279
\@cmidlb=\count280
\@aboverulesep=\dimen172
\@belowrulesep=\dimen173
\@thisruleclass=\count281
\@lastruleclass=\count282
\@thisrulewidth=\dimen174
)
(C:\Program Files\MiKTeX\tex/latex/algorithms\algorithm.sty
Package: algorithm 2009/08/24 v0.1 Document Style `algorithm' - floating enviro
nment

(C:\Program Files\MiKTeX\tex/latex/float\float.sty
Package: float 2001/11/08 v1.3d Float enhancements (AL)
\c@float@type=\count283
\float@exts=\toks30
\float@box=\box54
\@float@everytoks=\toks31
\@floatcapt=\box55
)
\@float@every@algorithm=\toks32
\c@algorithm=\count284
)
(C:\Program Files\MiKTeX\tex/latex/algorithmicx\algorithmicx.sty
Package: algorithmicx 2005/04/27 v1.2 Algorithmicx

Document Style algorithmicx 1.2 - a greatly improved `algorithmic' style
\c@ALG@line=\count285
\c@ALG@rem=\count286
\c@ALG@nested=\count287
\ALG@tlm=\skip62
\ALG@thistlm=\skip63
\c@ALG@Lnr=\count288
\c@ALG@blocknr=\count289
\c@ALG@storecount=\count290
\c@ALG@tmpcounter=\count291
\ALG@tmplength=\skip64
) (C:\Program Files\MiKTeX\tex/latex/algorithmicx\algpseudocode.sty
Package: algpseudocode 

Document Style - pseudocode environments for use with the `algorithmicx' style
) (C:\Program Files\MiKTeX\tex/latex/program\program.sty
\@gtempa=\dimen175
\@gtempa=\dimen176
\@gtempa=\dimen177
\@gtempa=\dimen178
\@gtempa=\dimen179
\@gtempa=\dimen180
\@gtempa=\dimen181
\@gtempa=\dimen182
\@gtempa=\dimen183
\@gtempa=\dimen184
\@gtempa=\dimen185
\@gtempa=\dimen186
\@gtempa=\dimen187
\@gtempa=\dimen188
\@gtempa=\dimen189
\@gtempa=\dimen190
\@gtempa=\dimen191
\@gtempa=\dimen192
\@gtempa=\dimen193
\@gtempa=\dimen194
\@gtempa=\dimen195
\@gtempa=\dimen196
\@gtempa=\dimen197
\@gtempa=\dimen198
\@gtempa=\dimen199
\@gtempa=\dimen256
\@gtempa=\dimen257
\@gtempa=\dimen258
\@gtempa=\dimen259
\@gtempa=\dimen260
\@gtempa=\dimen261
\@gtempa=\dimen262
\@gtempa=\dimen263
\@gtempa=\dimen264
\@gtempa=\dimen265
\@gtempa=\dimen266
\@gtempa=\dimen267
\@gtempa=\dimen268
\@gtempa=\dimen269
\@gtempa=\dimen270
\@gtempa=\dimen271
\@gtempa=\dimen272
\@gtempa=\dimen273
\@gtempa=\dimen274
\@gtempa=\dimen275
\@gtempa=\dimen276
\@gtempa=\dimen277
\@gtempa=\dimen278
\@gtempa=\dimen279
\@gtempa=\dimen280
\c@programline=\count292
\old@nxttabmar=\count293
\symeulerletters=\mathgroup7
\powersetbox=\box56


LaTeX Font Warning: Font shape `OT1/cmr/m/n' in size <16> not available
(Font)              size <17.28> substituted on input line 841.

LaTeX Font Info:    Calculating math sizes for size <16> on input line 841.

LaTeX Font Warning: Font shape `OML/cmm/m/it' in size <16> not available
(Font)              size <17.28> substituted on input line 841.


LaTeX Font Warning: Font shape `OMS/cmsy/m/n' in size <16> not available
(Font)              size <17.28> substituted on input line 841.

LaTeX Font Info:    Trying to load font information for U+msa on input line 841
.
(C:\Program Files\MiKTeX\tex/latex/amsfonts\umsa.fd
File: umsa.fd 2013/01/14 v3.01 AMS symbols A
)
LaTeX Font Info:    Trying to load font information for U+msb on input line 841
.

(C:\Program Files\MiKTeX\tex/latex/amsfonts\umsb.fd
File: umsb.fd 2013/01/14 v3.01 AMS symbols B
)
LaTeX Font Info:    Trying to load font information for U+rsfs on input line 84
1.

(C:\Program Files\MiKTeX\tex/latex/jknappen\ursfs.fd
File: ursfs.fd 1998/03/24 rsfs font definition file (jk)
)

LaTeX Font Warning: Font shape `U/rsfs/m/n' in size <16> not available
(Font)              size <17.28> substituted on input line 841.

LaTeX Font Info:    Trying to load font information for U+eur on input line 841
.
(C:\Program Files\MiKTeX\tex/latex/amsfonts\ueur.fd
File: ueur.fd 2013/01/14 v3.01 Euler Roman
))
(C:\Program Files\MiKTeX\tex/latex/listings\listings.sty
\lst@mode=\count294
\lst@gtempboxa=\box57
\lst@token=\toks33
\lst@length=\count295
\lst@currlwidth=\dimen281
\lst@column=\count296
\lst@pos=\count297
\lst@lostspace=\dimen282
\lst@width=\dimen283
\lst@newlines=\count298
\lst@lineno=\count299
\lst@maxwidth=\dimen284

(C:\Program Files\MiKTeX\tex/latex/listings\lstmisc.sty
File: lstmisc.sty 2023/02/27 1.9 (Carsten Heinz)
\c@lstnumber=\count300
\lst@skipnumbers=\count301
\lst@framebox=\box58
)
(C:\Program Files\MiKTeX\tex/latex/listings\listings.cfg
File: listings.cfg 2023/02/27 1.9 listings configuration
))
Package: listings 2023/02/27 1.9 (Carsten Heinz)
\artcatbox=\box59
\aucount=\count302
\corraucount=\count303
\punctcount=\count304
\emailcnt=\count305
\c@affn=\count306
\addcount=\count307
\PacsCount=\count308
\PacsTmpCnt=\count309
\FMremarkdim=\dimen285
\fmremarkbox=\box60
\opshortpage=\dimen286
\labelwidthi=\dimen287
\labelwidthii=\dimen288
\labelwidthiii=\dimen289
\labelwidthiv=\dimen290
\figwidth=\dimen291
\figheight=\dimen292
\sidecapwidth=\dimen293
\wrapcapline=\dimen294
\totalwrapline=\dimen295
\wraptotline=\dimen296
\figurebox=\box61
\wrapfigcapbox=\box62
\figcapbox=\box63
\capbox=\box64
\headwidthskip=\skip65
\tabcapbox=\box65
\temptbox=\box66
\tempdime=\dimen297
\tabhtdime=\dimen298

(C:\Program Files\MiKTeX\tex/latex/hyperref\hyperref.sty
Package: hyperref 2023-02-07 v7.00v Hypertext links for LaTeX

(C:\Program Files\MiKTeX\tex/generic/ltxcmds\ltxcmds.sty
Package: ltxcmds 2020-05-10 v1.25 LaTeX kernel commands for general use (HO)
)
(C:\Program Files\MiKTeX\tex/generic/pdftexcmds\pdftexcmds.sty
Package: pdftexcmds 2020-06-27 v0.33 Utility functions of pdfTeX for LuaTeX (HO
)

(C:\Program Files\MiKTeX\tex/generic/infwarerr\infwarerr.sty
Package: infwarerr 2019/12/03 v1.5 Providing info/warning/error messages (HO)
)
Package pdftexcmds Info: \pdf@primitive is available.
Package pdftexcmds Info: \pdf@ifprimitive is available.
Package pdftexcmds Info: \pdfdraftmode found.
)
(C:\Program Files\MiKTeX\tex/latex/kvsetkeys\kvsetkeys.sty
Package: kvsetkeys 2022-10-05 v1.19 Key value parser (HO)
)
(C:\Program Files\MiKTeX\tex/generic/kvdefinekeys\kvdefinekeys.sty
Package: kvdefinekeys 2019-12-19 v1.6 Define keys (HO)
)
(C:\Program Files\MiKTeX\tex/generic/pdfescape\pdfescape.sty
Package: pdfescape 2019/12/09 v1.15 Implements pdfTeX's escape features (HO)
)
(C:\Program Files\MiKTeX\tex/latex/hycolor\hycolor.sty
Package: hycolor 2020-01-27 v1.10 Color options for hyperref/bookmark (HO)
)
(C:\Program Files\MiKTeX\tex/latex/letltxmacro\letltxmacro.sty
Package: letltxmacro 2019/12/03 v1.6 Let assignment for LaTeX macros (HO)
)
(C:\Program Files\MiKTeX\tex/latex/auxhook\auxhook.sty
Package: auxhook 2019-12-17 v1.6 Hooks for auxiliary files (HO)
)
(C:\Program Files\MiKTeX\tex/latex/hyperref\nameref.sty
Package: nameref 2022-05-17 v2.50 Cross-referencing by name of section

(C:\Program Files\MiKTeX\tex/latex/refcount\refcount.sty
Package: refcount 2019/12/15 v3.6 Data extraction from label references (HO)
)
(C:\Program Files\MiKTeX\tex/generic/gettitlestring\gettitlestring.sty
Package: gettitlestring 2019/12/15 v1.6 Cleanup title references (HO)

(C:\Program Files\MiKTeX\tex/latex/kvoptions\kvoptions.sty
Package: kvoptions 2022-06-15 v3.15 Key value format for package options (HO)
))
\c@section@level=\count310
)
\@linkdim=\dimen299
\Hy@linkcounter=\count311
\Hy@pagecounter=\count312

(C:\Program Files\MiKTeX\tex/latex/hyperref\pd1enc.def
File: pd1enc.def 2023-02-07 v7.00v Hyperref: PDFDocEncoding definition (HO)
Now handling font encoding PD1 ...
... no UTF-8 mapping file for font encoding PD1
)
(C:\Program Files\MiKTeX\tex/generic/intcalc\intcalc.sty
Package: intcalc 2019/12/15 v1.3 Expandable calculations with integers (HO)
)
(C:\Program Files\MiKTeX\tex/generic/etexcmds\etexcmds.sty
Package: etexcmds 2019/12/15 v1.7 Avoid name clashes with e-TeX commands (HO)
)
\Hy@SavedSpaceFactor=\count313

(C:\Program Files\MiKTeX\tex/latex/hyperref\puenc.def
File: puenc.def 2023-02-07 v7.00v Hyperref: PDF Unicode definition (HO)
Now handling font encoding PU ...
... no UTF-8 mapping file for font encoding PU
)
Package hyperref Info: Hyper figures OFF on input line 4177.
Package hyperref Info: Link nesting OFF on input line 4182.
Package hyperref Info: Hyper index ON on input line 4185.
Package hyperref Info: Plain pages OFF on input line 4192.
Package hyperref Info: Backreferencing OFF on input line 4197.
Package hyperref Info: Implicit mode ON; LaTeX internals redefined.
Package hyperref Info: Bookmarks ON on input line 4425.
\c@Hy@tempcnt=\count314

(C:\Program Files\MiKTeX\tex/latex/url\url.sty
\Urlmuskip=\muskip17
Package: url 2013/09/16  ver 3.4  Verb mode for urls, etc.
)
LaTeX Info: Redefining \url on input line 4763.
\XeTeXLinkMargin=\dimen300

(C:\Program Files\MiKTeX\tex/generic/bitset\bitset.sty
Package: bitset 2019/12/09 v1.3 Handle bit-vector datatype (HO)

(C:\Program Files\MiKTeX\tex/generic/bigintcalc\bigintcalc.sty
Package: bigintcalc 2019/12/15 v1.5 Expandable calculations on big integers (HO
)
))
\Fld@menulength=\count315
\Field@Width=\dimen301
\Fld@charsize=\dimen302
Package hyperref Info: Hyper figures OFF on input line 6042.
Package hyperref Info: Link nesting OFF on input line 6047.
Package hyperref Info: Hyper index ON on input line 6050.
Package hyperref Info: backreferencing OFF on input line 6057.
Package hyperref Info: Link coloring OFF on input line 6062.
Package hyperref Info: Link coloring with OCG OFF on input line 6067.
Package hyperref Info: PDF/A mode OFF on input line 6072.

(C:\Program Files\MiKTeX\tex/latex/base\atbegshi-ltx.sty
Package: atbegshi-ltx 2021/01/10 v1.0c Emulation of the original atbegshi
package with kernel methods
)
\Hy@abspage=\count316
\c@Item=\count317
\c@Hfootnote=\count318
)
Package hyperref Info: Driver (autodetected): hpdftex.

(C:\Program Files\MiKTeX\tex/latex/hyperref\hpdftex.def
File: hpdftex.def 2023-02-07 v7.00v Hyperref driver for pdfTeX

(C:\Program Files\MiKTeX\tex/latex/base\atveryend-ltx.sty
Package: atveryend-ltx 2020/08/19 v1.0a Emulation of the original atveryend pac
kage
with kernel methods
)
\Fld@listcount=\count319
\c@bookmark@seq@number=\count320

(C:\Program Files\MiKTeX\tex/latex/rerunfilecheck\rerunfilecheck.sty
Package: rerunfilecheck 2022-07-10 v1.10 Rerun checks for auxiliary files (HO)

(C:\Program Files\MiKTeX\tex/generic/uniquecounter\uniquecounter.sty
Package: uniquecounter 2019/12/15 v1.4 Provide unlimited unique counter (HO)
)
Package uniquecounter Info: New unique counter `rerunfilecheck' on input line 2
85.
)
\Hy@SectionHShift=\skip66
)
(C:\Program Files\MiKTeX\tex/latex/breakurl\breakurl.sty
Package: breakurl 2013/04/10 v1.40 Breakable hyperref URLs

(C:\Program Files\MiKTeX\tex/latex/xkeyval\xkeyval.sty
Package: xkeyval 2022/06/16 v2.9 package option processing (HA)

(C:\Program Files\MiKTeX\tex/generic/xkeyval\xkeyval.tex
(C:\Program Files\MiKTeX\tex/generic/xkeyval\xkvutils.tex
\XKV@toks=\toks34
\XKV@tempa@toks=\toks35
)
\XKV@depth=\count321
File: xkeyval.tex 2014/12/03 v2.7a key=value parser (HA)
))
(C:\Program Files\MiKTeX\tex/generic/iftex\ifpdf.sty
Package: ifpdf 2019/10/25 v3.4 ifpdf legacy package. Use iftex instead.
)

Package breakurl Warning: You are using breakurl while processing via pdflatex.

(breakurl)                \burl will be just a synonym of \url.
(breakurl)                 on input line 48.

)
Package hyperref Info: Option `colorlinks' set `true' on input line 1486.
Package hyperref Info: Option `breaklinks' set `true' on input line 1486.
Package hyperref Info: Option `plainpages' set `false' on input line 1486.
Package hyperref Info: Option `bookmarksopen' set `true' on input line 1486.
Package hyperref Info: Option `bookmarksnumbered' set `false' on input line 148
6.
 (C:\Program Files\MiKTeX\tex/latex/wrapfig\wrapfig.sty
\wrapoverhang=\dimen303
\WF@size=\dimen304
\c@WF@wrappedlines=\count322
\WF@box=\box67
\WF@everypar=\toks36
Package: wrapfig 2003/01/31  v 3.6
)
\wraplines=\count323
\@authorfigbox=\box68
\@authorfigboxdim=\skip67
\biofigadjskip=\skip68

(C:\Program Files\MiKTeX\tex/latex/natbib\natbib.sty
Package: natbib 2010/09/13 8.31b (PWD, AO)
\bibhang=\skip69
\bibsep=\skip70
LaTeX Info: Redefining \cite on input line 694.
\c@NAT@ctr=\count324
))
\c@theorem=\count325
\c@example=\count326
\c@remark=\count327
\c@definition=\count328

(C:\Program Files\MiKTeX\tex/latex/caption\subcaption.sty
Package: subcaption 2023/02/19 v1.6 Sub-captions (AR)

(C:\Program Files\MiKTeX\tex/latex/caption\caption.sty
Package: caption 2023/03/12 v3.6j Customizing captions (AR)

(C:\Program Files\MiKTeX\tex/latex/caption\caption3.sty
Package: caption3 2023/03/12 v2.4 caption3 kernel (AR)
\caption@tempdima=\dimen305
\captionmargin=\dimen306
\caption@leftmargin=\dimen307
\caption@rightmargin=\dimen308
\caption@width=\dimen309
\caption@indent=\dimen310
\caption@parindent=\dimen311
\caption@hangindent=\dimen312
Package caption Info: Unknown document class (or package),
(caption)             standard defaults will be used.
Package caption Info: \@makecaption = \long macro:#1#2->\ifx \FigName \@captype
 \vskip \abovecaptionskip \@figurecaption {#1}{#2} \else \@tablecaption {#1}{#2
} \vskip \belowcaptionskip \fi  on input line 1176.
)

Package caption Warning: Unknown document class (or package),
(caption)                standard defaults will be used.
See the caption package documentation for explanation.

\c@caption@flags=\count329
\c@continuedfloat=\count330
Package caption Info: float package is loaded.
Package caption Info: hyperref package is loaded.
Package caption Info: listings package is loaded.
Package caption Info: rotating package is loaded.
Package caption Info: wrapfig package is loaded.
)
Package caption Info: New subtype `subfigure' on input line 239.
\c@subfigure=\count331
Package caption Info: New subtype `subtable' on input line 239.
\c@subtable=\count332
) (C:\Program Files\MiKTeX\tex/latex/adjustbox\adjustbox.sty
Package: adjustbox 2022/10/17 v1.3a Adjusting TeX boxes (trim, clip, ...)

(C:\Program Files\MiKTeX\tex/latex/adjustbox\adjcalc.sty
Package: adjcalc 2012/05/16 v1.1 Provides advanced setlength with multiple back
-ends (calc, etex, pgfmath)
)
(C:\Program Files\MiKTeX\tex/latex/adjustbox\trimclip.sty
Package: trimclip 2020/08/19 v1.2 Trim and clip general TeX material

(C:\Program Files\MiKTeX\tex/latex/collectbox\collectbox.sty
Package: collectbox 2022/10/17 v0.4c Collect macro arguments as boxes
\collectedbox=\box69
)
\tc@llx=\dimen313
\tc@lly=\dimen314
\tc@urx=\dimen315
\tc@ury=\dimen316
Package trimclip Info: Using driver 'tc-pdftex.def'.

(C:\Program Files\MiKTeX\tex/latex/adjustbox\tc-pdftex.def
File: tc-pdftex.def 2019/01/04 v2.2 Clipping driver for pdftex
))
\adjbox@Width=\dimen317
\adjbox@Height=\dimen318
\adjbox@Depth=\dimen319
\adjbox@Totalheight=\dimen320
\adjbox@pwidth=\dimen321
\adjbox@pheight=\dimen322
\adjbox@pdepth=\dimen323
\adjbox@ptotalheight=\dimen324

(C:\Program Files\MiKTeX\tex/latex/ifoddpage\ifoddpage.sty
Package: ifoddpage 2022/10/18 v1.2 Conditionals for odd/even page detection
\c@checkoddpage=\count333
)
(C:\Program Files\MiKTeX\tex/latex/varwidth\varwidth.sty
Package: varwidth 2009/03/30 ver 0.92;  Variable-width minipages
\@vwid@box=\box70
\sift@deathcycles=\count334
\@vwid@loff=\dimen325
\@vwid@roff=\dimen326
))
(C:\Program Files\MiKTeX\tex/latex/tools\longtable.sty
Package: longtable 2021-09-01 v4.17 Multi-page Table package (DPC)
\LTleft=\skip71
\LTright=\skip72
\LTpre=\skip73
\LTpost=\skip74
\LTchunksize=\count335
\LTcapwidth=\dimen327
\LT@head=\box71
\LT@firsthead=\box72
\LT@foot=\box73
\LT@lastfoot=\box74
\LT@gbox=\box75
\LT@cols=\count336
\LT@rows=\count337
\c@LT@tables=\count338
\c@LT@chunks=\count339
\LT@p@ftn=\toks37
)
(C:\Program Files\MiKTeX\tex/latex/tools\array.sty
Package: array 2022/09/04 v2.5g Tabular extension package (FMi)
\col@sep=\dimen328
\ar@mcellbox=\box76
\extrarowheight=\dimen329
\NC@list=\toks38
\extratabsurround=\skip75
\backup@length=\skip76
\ar@cellbox=\box77
)
(C:\Program Files\MiKTeX\tex/latex/csquotes\csquotes.sty
Package: csquotes 2022-09-14 v5.2n context-sensitive quotations (JAW)

(C:\Program Files\MiKTeX\tex/latex/etoolbox\etoolbox.sty
Package: etoolbox 2020/10/05 v2.5k e-TeX tools for LaTeX (JAW)
\etb@tempcnta=\count340
)
\csq@reset=\count341
\csq@gtype=\count342
\csq@glevel=\count343
\csq@qlevel=\count344
\csq@maxlvl=\count345
\csq@tshold=\count346
\csq@ltx@everypar=\toks39

(C:\Program Files\MiKTeX\tex/latex/csquotes\csquotes.def
File: csquotes.def 2022-09-14 v5.2n csquotes generic definitions (JAW)
)
Package csquotes Info: Trying to load configuration file 'csquotes.cfg'...
Package csquotes Info: ... configuration file loaded successfully.

(C:\Program Files\MiKTeX\tex/latex/csquotes\csquotes.cfg
File: csquotes.cfg 
))
(C:\Program Files\MiKTeX\tex/latex/tools\calc.sty
Package: calc 2017/05/25 v4.3 Infix arithmetic (KKT,FJ)
\calc@Acount=\count347
\calc@Bcount=\count348
\calc@Adimen=\dimen330
\calc@Bdimen=\dimen331
\calc@Askip=\skip77
\calc@Bskip=\skip78
LaTeX Info: Redefining \setlength on input line 80.
LaTeX Info: Redefining \addtolength on input line 81.
\calc@Ccount=\count349
\calc@Cskip=\skip79
)
Package csquotes Info: Checking for multilingual support...
Package csquotes Info: ... none found.

(C:\Program Files\MiKTeX\tex/latex/l3backend\l3backend-pdftex.def
File: l3backend-pdftex.def 2023-03-30 L3 backend support: PDF output (pdfTeX)
\l__color_backend_stack_int=\count350
\l__pdf_internal_box=\box78
)

LaTeX Warning: Unused global option(s):
    [Numbered].

(sn-article.aux

LaTeX Warning: Label `fig:Relative_weight' multiply defined.


LaTeX Warning: Label `cv' multiply defined.


LaTeX Warning: Label `sub@cv' multiply defined.


LaTeX Warning: Label `umass' multiply defined.


LaTeX Warning: Label `sub@umass' multiply defined.


LaTeX Warning: Label `cv_umass' multiply defined.


LaTeX Warning: Label `cv' multiply defined.


LaTeX Warning: Label `sub@cv' multiply defined.


LaTeX Warning: Label `umass' multiply defined.


LaTeX Warning: Label `sub@umass' multiply defined.


LaTeX Warning: Label `cv_umass' multiply defined.


LaTeX Warning: Label `cv' multiply defined.


LaTeX Warning: Label `sub@cv' multiply defined.


LaTeX Warning: Label `umass' multiply defined.


LaTeX Warning: Label `sub@umass' multiply defined.


LaTeX Warning: Label `cv' multiply defined.


LaTeX Warning: Label `sub@cv' multiply defined.


LaTeX Warning: Label `umass' multiply defined.


LaTeX Warning: Label `sub@umass' multiply defined.


LaTeX Warning: Label `cv_umass' multiply defined.

)
\openout1 = `sn-article.aux'.

LaTeX Font Info:    Checking defaults for OML/cmm/m/it on input line 84.
LaTeX Font Info:    ... okay on input line 84.
LaTeX Font Info:    Checking defaults for OMS/cmsy/m/n on input line 84.
LaTeX Font Info:    ... okay on input line 84.
LaTeX Font Info:    Checking defaults for OT1/cmr/m/n on input line 84.
LaTeX Font Info:    ... okay on input line 84.
LaTeX Font Info:    Checking defaults for T1/cmr/m/n on input line 84.
LaTeX Font Info:    ... okay on input line 84.
LaTeX Font Info:    Checking defaults for TS1/cmr/m/n on input line 84.
LaTeX Font Info:    ... okay on input line 84.
LaTeX Font Info:    Checking defaults for OMX/cmex/m/n on input line 84.
LaTeX Font Info:    ... okay on input line 84.
LaTeX Font Info:    Checking defaults for U/cmr/m/n on input line 84.
LaTeX Font Info:    ... okay on input line 84.
LaTeX Font Info:    Checking defaults for PD1/pdf/m/n on input line 84.
LaTeX Font Info:    ... okay on input line 84.
LaTeX Font Info:    Checking defaults for PU/pdf/m/n on input line 84.
LaTeX Font Info:    ... okay on input line 84.
\footinsA=\insert252
\c@footnoteA=\count351
LaTeX Font Info:    Redeclaring symbol font `AMSa' on input line 84.
LaTeX Font Info:    Overwriting symbol font `AMSa' in version `normal'
(Font)                  U/msa/m/n --> U/msa/m/n on input line 84.
LaTeX Font Info:    Overwriting symbol font `AMSa' in version `bold'
(Font)                  U/msa/m/n --> U/msa/m/n on input line 84.

*geometry* driver: auto-detecting
*geometry* detected driver: pdftex
*geometry* verbose mode - [ preamble ] result:
* driver: pdftex
* paper: custom
* layout: <same size as paper>
* layoutoffset:(h,v)=(0.0pt,0.0pt)
* bindingoffset: 17.07164pt
* modes: twoside 
* h-part:(L,W,R)=(34.14331pt, 338.58778pt, 51.21498pt)
* v-part:(T,H,B)=(55.48286pt, 552.69478pt, 60.46211pt)
* \paperwidth=441.01772pt
* \paperheight=668.63976pt
* \textwidth=338.58778pt
* \textheight=552.69478pt
* \oddsidemargin=-21.05504pt
* \evensidemargin=-21.05501pt
* \topmargin=-38.22067pt
* \headheight=5.5pt
* \headsep=15.93355pt
* \topskip=10.0pt
* \footskip=28.45274pt
* \marginparwidth=34.1433pt
* \marginparsep=14.22636pt
* \columnsep=14.22636pt
* \skip\footins=8.0pt plus 4.0pt
* \hoffset=0.0pt
* \voffset=0.0pt
* \mag=1000
* \@twocolumnfalse
* \@twosidetrue
* \@mparswitchtrue
* \@reversemargintrue
* (1in=72.27pt=25.4mm, 1cm=28.453pt)

(C:\Program Files\MiKTeX\tex/context/base/mkii\supp-pdf.mkii
[Loading MPS to PDF converter (version 2006.09.02).]
\scratchcounter=\count352
\scratchdimen=\dimen332
\scratchbox=\box79
\nofMPsegments=\count353
\nofMParguments=\count354
\everyMPshowfont=\toks40
\MPscratchCnt=\count355
\MPscratchDim=\dimen333
\MPnumerator=\count356
\makeMPintoPDFobject=\count357
\everyMPtoPDFconversion=\toks41
) (C:\Program Files\MiKTeX\tex/latex/epstopdf-pkg\epstopdf-base.sty
Package: epstopdf-base 2020-01-24 v2.11 Base part for package epstopdf
Package epstopdf-base Info: Redefining graphics rule for `.eps' on input line 4
85.

(C:\Program Files\MiKTeX\tex/latex/00miktex\epstopdf-sys.cfg
File: epstopdf-sys.cfg 2021/03/18 v2.0 Configuration of epstopdf for MiKTeX
))
\c@lstlisting=\count358
Package hyperref Info: Link coloring ON on input line 84.
 (sn-article.out) (sn-article.out)
\@outlinefile=\write3
\openout3 = `sn-article.out'.

Package caption Info: Begin \AtBeginDocument code.
Package caption Info: longtable package is loaded.
 (C:\Program Files\MiKTeX\tex/latex/caption\ltcaption.sty
Package: ltcaption 2021/01/08 v1.4c longtable captions (AR)
)
Package caption Info: End \AtBeginDocument code.
LaTeX Font Info:    Calculating math sizes for size <12.045> on input line 161.



LaTeX Font Warning: Font shape `OT1/cmr/bx/n' in size <8.43146> not available
(Font)              size <8> substituted on input line 161.


LaTeX Font Warning: Font shape `OML/cmm/b/it' in size <8.43146> not available
(Font)              size <8> substituted on input line 161.


LaTeX Font Warning: Font shape `OMS/cmsy/b/n' in size <8.43146> not available
(Font)              size <8> substituted on input line 161.


LaTeX Font Warning: Font shape `U/rsfs/m/n' in size <8.43146> not available
(Font)              size <8> substituted on input line 161.


LaTeX Font Warning: Font shape `OT1/cmr/m/n' in size <8.43146> not available
(Font)              size <8> substituted on input line 161.

LaTeX Font Info:    Calculating math sizes for size <11.04124> on input line 16
1.

LaTeX Font Warning: Font shape `OT1/cmr/bx/n' in size <5.52061> not available
(Font)              size <6> substituted on input line 161.


LaTeX Font Warning: Font shape `OML/cmm/b/it' in size <5.52061> not available
(Font)              size <6> substituted on input line 161.


LaTeX Font Warning: Font shape `OMS/cmsy/b/n' in size <5.52061> not available
(Font)              size <6> substituted on input line 161.


LaTeX Font Warning: Font shape `U/rsfs/m/n' in size <5.52061> not available
(Font)              size <6> substituted on input line 161.

LaTeX Font Info:    Calculating math sizes for size <10.03749> on input line 16
1.

Underfull \vbox (badness 10000) has occurred while \output is active []

 [1{C:/Users/Teacher/AppData/Local/MiKTeX/fonts/map/pdftex/pdftex.map}

]
Underfull \vbox (badness 10000) has occurred while \output is active []


Overfull \vbox (1.44444pt too high) has occurred while \output is active []


[2]
Underfull \vbox (badness 10000) has occurred while \output is active []


Overfull \vbox (1.44444pt too high) has occurred while \output is active []


[3]
Underfull \vbox (badness 10000) has occurred while \output is active []


Overfull \vbox (1.44444pt too high) has occurred while \output is active []


[4]
Underfull \vbox (badness 10000) has occurred while \output is active []


Overfull \vbox (1.44444pt too high) has occurred while \output is active []


[5]
<Figs/methodology.png, id=221, 2055.68pt x 520.94624pt>
File: Figs/methodology.png Graphic file (type png)
<use Figs/methodology.png>
Package pdftex.def Info: Figs/methodology.png  used on input line 217.
(pdftex.def)             Requested size: 304.72693pt x 77.21648pt.

Underfull \vbox (badness 10000) has occurred while \output is active []


Overfull \vbox (1.44444pt too high) has occurred while \output is active []


[6]
Underfull \vbox (badness 10000) has occurred while \output is active []


Overfull \vbox (1.44444pt too high) has occurred while \output is active []


[7 <./Figs/methodology.png>]
Underfull \vbox (badness 10000) has occurred while \output is active []


Overfull \vbox (1.44444pt too high) has occurred while \output is active []


[8]
<Figs/cv.png, id=258, 418.4433pt x 315.8199pt>
File: Figs/cv.png Graphic file (type png)
<use Figs/cv.png>
Package pdftex.def Info: Figs/cv.png  used on input line 296.
(pdftex.def)             Requested size: 152.36346pt x 114.9962pt.
<Figs/umass.png, id=259, 419.166pt x 315.8199pt>
File: Figs/umass.png Graphic file (type png)
<use Figs/umass.png>
Package pdftex.def Info: Figs/umass.png  used on input line 302.
(pdftex.def)             Requested size: 152.36346pt x 114.79863pt.

Underfull \vbox (badness 10000) has occurred while \output is active []


Overfull \vbox (1.44444pt too high) has occurred while \output is active []


[9 <./Figs/cv.png> <./Figs/umass.png>]
<Figs/relative_imp.png, id=272, 1302.8675pt x 622.325pt>
File: Figs/relative_imp.png Graphic file (type png)
<use Figs/relative_imp.png>
Package pdftex.def Info: Figs/relative_imp.png  used on input line 354.
(pdftex.def)             Requested size: 338.58778pt x 161.72472pt.

Underfull \vbox (badness 10000) has occurred while \output is active []


Overfull \vbox (1.44444pt too high) has occurred while \output is active []


[10 <./Figs/relative_imp.png>]
<Figs/pyldvis.png, id=278, 808.01875pt x 423.08063pt>
File: Figs/pyldvis.png Graphic file (type png)
<use Figs/pyldvis.png>
Package pdftex.def Info: Figs/pyldvis.png  used on input line 399.
(pdftex.def)             Requested size: 338.58778pt x 177.28593pt.


LaTeX Warning: `h' float specifier changed to `ht'.


Underfull \vbox (badness 10000) has occurred while \output is active []


Overfull \vbox (1.44444pt too high) has occurred while \output is active []


[11]
Underfull \vbox (badness 10000) has occurred while \output is active []


Overfull \vbox (1.44444pt too high) has occurred while \output is active []


[12 <./Figs/pyldvis.png>]
<Figs/institution_size.png, id=289, 719.18687pt x 254.9525pt>
File: Figs/institution_size.png Graphic file (type png)
<use Figs/institution_size.png>
Package pdftex.def Info: Figs/institution_size.png  used on input line 448.
(pdftex.def)             Requested size: 162.52068pt x 57.6147pt.

Underfull \hbox (badness 1852) in paragraph at lines 449--449
[]\OT1/cmr/m/n/9 (a) |Par-tic-i-pat-ing insti-tu-tion cat-e-gory
 []

<Figs/english_teaching_class.png, id=290, 579.16376pt x 262.9825pt>
File: Figs/english_teaching_class.png Graphic file (type png)
<use Figs/english_teaching_class.png>
Package pdftex.def Info: Figs/english_teaching_class.png  used on input line 45
4.
(pdftex.def)             Requested size: 162.52068pt x 73.7951pt.
<Figs/num_stu.png, id=291, 461.22313pt x 207.77625pt>
File: Figs/num_stu.png Graphic file (type png)
<use Figs/num_stu.png>
Package pdftex.def Info: Figs/num_stu.png  used on input line 467.
(pdftex.def)             Requested size: 162.52068pt x 73.21417pt.
<Figs/class_size.png, id=292, 438.63875pt x 207.27437pt>
File: Figs/class_size.png Graphic file (type png)
<use Figs/class_size.png>
Package pdftex.def Info: Figs/class_size.png  used on input line 473.
(pdftex.def)             Requested size: 162.52068pt x 76.79784pt.

Underfull \vbox (badness 10000) has occurred while \output is active []


Overfull \vbox (1.44444pt too high) has occurred while \output is active []


[13 <./Figs/institution_size.png> <./Figs/english_teaching_class.png> <./Figs/n
um_stu.png> <./Figs/class_size.png>]
File: Figs/num_stu.png Graphic file (type png)
<use Figs/num_stu.png>
Package pdftex.def Info: Figs/num_stu.png  used on input line 487.
(pdftex.def)             Requested size: 162.52068pt x 73.21417pt.
<Figs/experience.png, id=304, 495.8525pt x 240.39813pt>
File: Figs/experience.png Graphic file (type png)
<use Figs/experience.png>
Package pdftex.def Info: Figs/experience.png  used on input line 493.
(pdftex.def)             Requested size: 152.36346pt x 73.86604pt.
<Figs/replace.png, id=305, 482.80376pt x 241.40187pt>
File: Figs/replace.png Graphic file (type png)
<use Figs/replace.png>
Package pdftex.def Info: Figs/replace.png  used on input line 498.
(pdftex.def)             Requested size: 148.97945pt x 74.48755pt.

Underfull \hbox (badness 3417) in paragraph at lines 499--499
[]\OT1/cmr/m/n/9 (c) |App could help stu-dents in
 []

<Figs/app_motivates.png, id=306, 541.52313pt x 243.91125pt>
File: Figs/app_motivates.png Graphic file (type png)
<use Figs/app_motivates.png>
Package pdftex.def Info: Figs/app_motivates.png  used on input line 504.
(pdftex.def)             Requested size: 159.13666pt x 71.67778pt.

Underfull \vbox (badness 10000) has occurred while \output is active []


Overfull \vbox (1.44444pt too high) has occurred while \output is active []


[14 <./Figs/experience.png> <./Figs/replace.png> <./Figs/app_motivates.png>]
Overfull \hbox (9.9819pt too wide) in paragraph at lines 578--579
[]\OT1/cmr/bx/n/10 Traditional 
 []


Overfull \hbox (9.83327pt too wide) in paragraph at lines 580--581
[]\OT1/cmr/bx/n/10 Answer 
 []


Overfull \hbox (9.7519pt too wide) in paragraph at lines 584--585
[]\OT1/cmr/bx/n/10 Answer 
 []


Overfull \hbox (10.52885pt too wide) in paragraph at lines 588--589
[]\OT1/cmr/bx/n/10 Answer 
 []


Overfull \hbox (2.27628pt too wide) in paragraph at lines 590--591
[]\OT1/cmr/bx/n/10 Standard 
 []


Overfull \hbox (2.51671pt too wide) in paragraph at lines 597--597
[]|\OT1/cmr/bx/n/10 Cognitive 
 []


Overfull \hbox (18.32909pt too wide) in paragraph at lines 600--600
[]|\OT1/cmr/bx/n/10 Moralization| 
 []


Underfull \vbox (badness 10000) has occurred while \output is active []


Overfull \vbox (1.44444pt too high) has occurred while \output is active []


[15]
<Figs/app_impv.png, id=323, 679.53876pt x 328.22626pt>
File: Figs/app_impv.png Graphic file (type png)
<use Figs/app_impv.png>
Package pdftex.def Info: Figs/app_impv.png  used on input line 630.
(pdftex.def)             Requested size: 162.52068pt x 78.49544pt.
<Figs/eng_app_impv.png, id=324, 730.73pt x 338.76563pt>
File: Figs/eng_app_impv.png Graphic file (type png)
<use Figs/eng_app_impv.png>
Package pdftex.def Info: Figs/eng_app_impv.png  used on input line 636.
(pdftex.def)             Requested size: 162.52068pt x 75.34021pt.

Underfull \vbox (badness 10000) has occurred while \output is active []


Overfull \vbox (1.44444pt too high) has occurred while \output is active []


[16 <./Figs/app_impv.png> <./Figs/eng_app_impv.png>]
Underfull \vbox (badness 10000) has occurred while \output is active []


Overfull \vbox (1.44444pt too high) has occurred while \output is active []


[17]
Underfull \vbox (badness 10000) has occurred while \output is active []


Overfull \vbox (1.44444pt too high) has occurred while \output is active []


[18]

LaTeX Warning: Reference `redditdist' on page 19 undefined on input line 744.


Underfull \vbox (badness 10000) has occurred while \output is active []


Overfull \vbox (1.44444pt too high) has occurred while \output is active []


[19]

Package natbib Warning: Citation `harvesting_social_media' on page 20 undefined
 on input line 758.


Underfull \vbox (badness 10000) has occurred while \output is active []


Overfull \vbox (1.44444pt too high) has occurred while \output is active []


[20]

Package natbib Warning: Citation `suicidaldepression_online' on page 21 undefin
ed on input line 763.


LaTeX Warning: Reference `fig:res_diagram' on page 21 undefined on input line 7
65.


LaTeX Warning: Reference `redditdist_twitterdist' on page 21 undefined on input
 line 769.


LaTeX Warning: Reference `redditdist_twitterdist' on page 21 undefined on input
 line 771.


LaTeX Warning: Reference `features_vis_pro_exp' on page 21 undefined on input l
ine 777.


Underfull \vbox (badness 10000) has occurred while \output is active []


Overfull \vbox (1.44444pt too high) has occurred while \output is active []


[21]

LaTeX Warning: Reference `Bigram_features_exp' on page 22 undefined on input li
ne 812.


Underfull \vbox (badness 10000) has occurred while \output is active []


Overfull \vbox (1.44444pt too high) has occurred while \output is active []


[22]

Package hyperref Warning: Difference (2) between bookmark levels is greater 
(hyperref)                than one, level fixed on input line 873.


LaTeX Warning: Reference `SVMTFIDF' on page 23 undefined on input line 874.


LaTeX Warning: Reference `Suicidal_int_vis' on page 23 undefined on input line 
874.


LaTeX Warning: Reference `SVMTFIDF' on page 23 undefined on input line 874.


Underfull \vbox (badness 10000) has occurred while \output is active []


Overfull \vbox (1.44444pt too high) has occurred while \output is active []


[23] (doc_ref.tex
Underfull \vbox (badness 10000) has occurred while \output is active []


Overfull \vbox (1.44444pt too high) has occurred while \output is active []


[24]
Underfull \vbox (badness 10000) has occurred while \output is active []


Overfull \vbox (1.44444pt too high) has occurred while \output is active []


[25]
Underfull \vbox (badness 10000) has occurred while \output is active []


Overfull \vbox (1.44444pt too high) has occurred while \output is active []


[26]
Underfull \hbox (badness 1436) in paragraph at lines 202--209
[]\OT1/cmr/m/n/10 Han-Chin Shing, Suraj Nair, Ayah Zirikly, Meir Frieden-berg, 
Hal
 []


Underfull \vbox (badness 10000) has occurred while \output is active []


Overfull \vbox (1.44444pt too high) has occurred while \output is active []


[27]
Underfull \vbox (badness 10000) has occurred while \output is active []


Overfull \vbox (1.44444pt too high) has occurred while \output is active []


[28]
Underfull \hbox (badness 1184) in paragraph at lines 284--289
[]\OT1/cmr/m/n/10 Hamad Zogan, Imran Raz-zak, Shoaib Jameel, and Guan-dong Xu.
 []

)

Package natbib Warning: There were undefined citations.


Underfull \vbox (badness 10000) has occurred while \output is active []


Overfull \vbox (1.44444pt too high) has occurred while \output is active []


[29] (sn-article.aux)

LaTeX Font Warning: Size substitutions with differences
(Font)              up to 1.28pt have occurred.


LaTeX Warning: There were undefined references.


LaTeX Warning: There were multiply-defined labels.


Package rerunfilecheck Warning: File `sn-article.out' has changed.
(rerunfilecheck)                Rerun to get outlines right
(rerunfilecheck)                or use package `bookmark'.

Package rerunfilecheck Info: Checksums for `sn-article.out':
(rerunfilecheck)             Before: DFAF6A414F09F7076CE3E36833CD6AFA;7702
(rerunfilecheck)             After:  35566040C8A3B429F9D7465591A603E7;8440.
 ) 
Here is how much of TeX's memory you used:
 18582 strings out of 476331
 294558 string characters out of 5797575
 1873660 words of memory out of 5000000
 38531 multiletter control sequences out of 15000+600000
 537169 words of font info for 132 fonts, out of 8000000 for 9000
 1151 hyphenation exceptions out of 8191
 90i,11n,131p,2250b,799s stack positions out of 10000i,1000n,20000p,200000b,200000s

pdfTeX warning (dest): name{subsubsection.13.0.1} has been referenced but does 
not exist, replaced by a fixed one


pdfTeX warning (dest): name{subsubsection.12.1.2} has been referenced but does 
not exist, replaced by a fixed one


pdfTeX warning (dest): name{subsubsection.12.1.1} has been referenced but does 
not exist, replaced by a fixed one


pdfTeX warning (dest): name{subsection.12.1} has been referenced but does not e
xist, replaced by a fixed one


pdfTeX warning (dest): name{subsection.11.4} has been referenced but does not e
xist, replaced by a fixed one


pdfTeX warning (dest): name{subsubsection.11.3.4} has been referenced but does 
not exist, replaced by a fixed one


pdfTeX warning (dest): name{subsubsection.11.3.3} has been referenced but does 
not exist, replaced by a fixed one


pdfTeX warning (dest): name{subsubsection.11.3.2} has been referenced but does 
not exist, replaced by a fixed one


pdfTeX warning (dest): name{subsubsection.11.3.1} has been referenced but does 
not exist, replaced by a fixed one


pdfTeX warning (dest): name{subsection.11.3} has been referenced but does not e
xist, replaced by a fixed one


pdfTeX warning (dest): name{subsection.11.2} has been referenced but does not e
xist, replaced by a fixed one

 <C:\Users\Teacher\AppData\Local\MiKTeX\fonts/pk/ljfour/jknappen/ec/dpi600\tcrm
1000.pk> <C:\Users\Teacher\AppData\Local\MiKTeX\fonts/pk/ljfour/jknappen/ec/dpi
600\tcrm0900.pk><C:/Program Files/MiKTeX/fonts/type1/public/amsfonts/cmextra/cm
bsy8.pfb><C:/Program Files/MiKTeX/fonts/type1/public/amsfonts/cm/cmbx10.pfb><C:
/Program Files/MiKTeX/fonts/type1/public/amsfonts/cm/cmbx12.pfb><C:/Program Fil
es/MiKTeX/fonts/type1/public/amsfonts/cm/cmbx8.pfb><C:/Program Files/MiKTeX/fon
ts/type1/public/amsfonts/cm/cmbx9.pfb><C:/Program Files/MiKTeX/fonts/type1/publ
ic/amsfonts/cm/cmex10.pfb><C:/Program Files/MiKTeX/fonts/type1/public/amsfonts/
cmextra/cmex7.pfb><C:/Program Files/MiKTeX/fonts/type1/public/amsfonts/cm/cmmi1
0.pfb><C:/Program Files/MiKTeX/fonts/type1/public/amsfonts/cm/cmmi5.pfb><C:/Pro
gram Files/MiKTeX/fonts/type1/public/amsfonts/cm/cmmi7.pfb><C:/Program Files/Mi
KTeX/fonts/type1/public/amsfonts/cm/cmmi9.pfb><C:/Program Files/MiKTeX/fonts/ty
pe1/public/amsfonts/cm/cmr10.pfb><C:/Program Files/MiKTeX/fonts/type1/public/am
sfonts/cm/cmr12.pfb><C:/Program Files/MiKTeX/fonts/type1/public/amsfonts/cm/cmr
17.pfb><C:/Program Files/MiKTeX/fonts/type1/public/amsfonts/cm/cmr5.pfb><C:/Pro
gram Files/MiKTeX/fonts/type1/public/amsfonts/cm/cmr7.pfb><C:/Program Files/MiK
TeX/fonts/type1/public/amsfonts/cm/cmr8.pfb><C:/Program Files/MiKTeX/fonts/type
1/public/amsfonts/cm/cmr9.pfb><C:/Program Files/MiKTeX/fonts/type1/public/amsfo
nts/cm/cmsy10.pfb><C:/Program Files/MiKTeX/fonts/type1/public/amsfonts/cm/cmsy7
.pfb><C:/Program Files/MiKTeX/fonts/type1/public/amsfonts/cm/cmti10.pfb>
Output written on sn-article.pdf (29 pages, 1618741 bytes).
PDF statistics:
 590 PDF objects out of 1000 (max. 8388607)
 157 named destinations out of 1000 (max. 500000)
 415 words of extra memory for PDF output out of 10000 (max. 10000000)

