\BOOKMARK [1][]{section.1}{\376\377\000I\000n\000t\000r\000o\000d\000u\000c\000t\000i\000o\000n}{}% 1
\BOOKMARK [1][]{section.2}{\376\377\000L\000i\000t\000e\000r\000a\000t\000u\000r\000e\000\040\000R\000e\000v\000i\000e\000w}{}% 2
\BOOKMARK [2][]{subsection.2.1}{\376\377\000M\000u\000l\000t\000i\000-\000m\000o\000d\000a\000l\000\040\000f\000e\000a\000t\000u\000r\000e\000s\000\040\000a\000n\000a\000l\000y\000s\000i\000s}{section.2}% 3
\BOOKMARK [2][]{subsection.2.2}{\376\377\000I\000n\000s\000t\000r\000u\000m\000e\000n\000t\000\040\000f\000o\000r\000\040\000m\000e\000a\000s\000u\000r\000i\000n\000g\000\040\000S\000e\000v\000e\000r\000i\000t\000y}{section.2}% 4
\BOOKMARK [2][]{subsection.2.3}{\376\377\000C\000o\000m\000p\000a\000r\000a\000t\000i\000v\000e\000\040\000A\000n\000a\000l\000y\000s\000i\000s\000\040\000o\000f\000\040\000s\000c\000a\000l\000e\000s}{section.2}% 5
\BOOKMARK [1][]{section.3}{\376\377\000D\000a\000t\000a\000s\000e\000t}{}% 6
\BOOKMARK [2][]{subsection.3.1}{\376\377\000G\000o\000l\000d\000\040\000s\000t\000a\000n\000d\000a\000r\000d\000\040\000d\000a\000t\000a\000s\000e\000t}{section.3}% 7
\BOOKMARK [2][]{subsection.3.2}{\376\377\000T\000r\000a\000i\000n\000i\000n\000g\000\040\000D\000a\000t\000a\000s\000e\000t}{section.3}% 8
\BOOKMARK [2][]{subsection.3.3}{\376\377\000T\000e\000s\000t\000i\000n\000g\000/\000V\000a\000l\000i\000d\000a\000t\000i\000o\000n\000\040\000D\000a\000t\000a\000s\000e\000t}{section.3}% 9
\BOOKMARK [1][]{section.4}{\376\377\000M\000e\000t\000h\000o\000d\000o\000l\000o\000g\000y}{}% 10
\BOOKMARK [2][]{subsection.4.1}{\376\377\000D\000a\000t\000a\000\040\000P\000r\000o\000c\000e\000s\000s\000i\000n\000g\000\040\000a\000n\000d\000\040\000M\000o\000d\000e\000l\000s}{section.4}% 11
\BOOKMARK [3][]{subsubsection.4.1.1}{\376\377\000D\000a\000t\000a\000\040\000P\000r\000e\000-\000p\000r\000o\000c\000e\000s\000s\000i\000n\000g}{subsection.4.1}% 12
\BOOKMARK [2][]{subsection.4.2}{\376\377\000L\000a\000t\000e\000n\000t\000\040\000D\000i\000r\000i\000c\000h\000l\000e\000t\000\040\000A\000l\000l\000o\000c\000a\000t\000i\000o\000n\000\040\000\050\000L\000D\000A\000\051}{section.4}% 13
\BOOKMARK [3][]{subsubsection.4.2.1}{\376\377\000T\000o\000p\000i\000c\000\040\000m\000o\000d\000e\000l\000s\000\040\000c\000o\000m\000p\000a\000r\000a\000t\000i\000v\000e\000\040\000a\000n\000a\000l\000y\000s\000i\000s}{subsection.4.2}% 14
\BOOKMARK [3][]{subsubsection.4.2.2}{\376\377\000O\000p\000t\000i\000m\000a\000l\000\040\000T\000o\000p\000i\000c\000s\000\040\000w\000i\000t\000h\000\040\000C\000o\000h\000e\000r\000e\000n\000c\000e}{subsection.4.2}% 15
\BOOKMARK [1][]{section.5}{\376\377\000F\000e\000a\000t\000u\000r\000e\000\040\000e\000x\000p\000l\000o\000r\000a\000t\000i\000o\000n}{}% 16
\BOOKMARK [2][]{subsection.5.1}{\376\377\000N\000-\000g\000r\000a\000m\000\040\000A\000n\000a\000l\000y\000s\000i\000s}{section.5}% 17
\BOOKMARK [3][]{subsubsection.5.1.1}{\376\377\000U\000n\000i\000-\000g\000r\000a\000m}{subsection.5.1}% 18
\BOOKMARK [3][]{subsubsection.5.1.2}{\376\377\000B\000i\000-\000g\000r\000a\000m}{subsection.5.1}% 19
\BOOKMARK [1][]{section.6}{\376\377\000E\000x\000p\000l\000o\000r\000a\000t\000o\000r\000y\000\040\000a\000n\000a\000l\000y\000s\000i\000s\000\040\000u\000s\000i\000n\000g\000\040\000T\000o\000p\000i\000c\000\040\000M\000o\000d\000e\000l\000i\000n\000g}{}% 20
\BOOKMARK [2][]{subsubsection.6.0.1}{\376\377\000D\000o\000m\000i\000n\000a\000n\000t\000\040\000K\000e\000y\000w\000o\000r\000d\000s\000\040\000D\000e\000t\000e\000r\000m\000i\000n\000a\000t\000i\000o\000n}{section.6}% 21
\BOOKMARK [3][]{subsubsection.6.0.2}{\376\377\000L\000D\000A\000\040\000m\000o\000d\000e\000l\000\040\000c\000o\000h\000e\000r\000e\000n\000c\000e\000\040\000t\000o\000\040\000d\000e\000t\000e\000r\000m\000i\000n\000e\000\040\000o\000p\000t\000i\000m\000a\000l\000\040\000t\000o\000p\000i\000c}{subsubsection.6.0.1}% 22
\BOOKMARK [3][]{subsubsection.6.0.3}{\376\377\000R\000e\000l\000a\000t\000i\000v\000e\000\040\000i\000m\000p\000o\000r\000t\000a\000n\000c\000e\000\040\000v\000s\000\040\000t\000e\000r\000m\000\040\000f\000r\000e\000q\000u\000e\000n\000c\000y}{subsubsection.6.0.1}% 23
\BOOKMARK [3][]{subsubsection.6.0.4}{\376\377\000L\000D\000A\000\040\000b\000a\000s\000e\000d\000\040\000f\000e\000a\000t\000u\000r\000e\000\040\000e\000x\000p\000l\000o\000r\000a\000t\000i\000o\000n}{subsubsection.6.0.1}% 24
\BOOKMARK [3][]{subsubsection.6.0.5}{\376\377\000C\000o\000m\000b\000i\000n\000e\000d\000\040\000t\000o\000p\000i\000c\000\040\000m\000o\000d\000e\000l\000i\000n\000g\000\040\000u\000s\000i\000n\000g\000\040\000B\000E\000R\000T\000o\000p\000i\000c}{subsubsection.6.0.1}% 25
\BOOKMARK [3][]{subsubsection.6.0.6}{\376\377\000C\000l\000a\000s\000s\000i\000f\000i\000c\000a\000t\000i\000o\000n}{subsubsection.6.0.1}% 26
\BOOKMARK [3][]{subsubsection.6.0.7}{\376\377\000D\000a\000t\000a\000\040\000L\000e\000a\000r\000n\000i\000n\000g\000\040\000M\000o\000d\000e\000l\000s}{subsubsection.6.0.1}% 27
\BOOKMARK [3][]{subsubsection.6.0.8}{\376\377\000F\000e\000a\000t\000u\000r\000e\000\040\000S\000e\000l\000e\000c\000t\000i\000o\000n}{subsubsection.6.0.1}% 28
\BOOKMARK [1][]{section.7}{\376\377\000R\000e\000s\000u\000l\000t\000s\000\040\000A\000n\000a\000l\000y\000s\000i\000s}{}% 29
\BOOKMARK [1][]{section.8}{\376\377\000C\000l\000a\000s\000s\000i\000f\000i\000c\000a\000t\000i\000o\000n\000\040\000R\000e\000s\000u\000l\000t\000s}{}% 30
\BOOKMARK [2][]{subsubsection.8.0.1}{\376\377\000S\000u\000i\000c\000i\000d\000a\000l\000\040\000I\000n\000t\000e\000n\000s\000i\000t\000i\000e\000s\000\040\000v\000i\000s\000u\000a\000l\000i\000z\000a\000t\000i\000o\000n}{section.8}% 31
\BOOKMARK [1][]{section.9}{\376\377\000D\000i\000s\000c\000u\000s\000s\000i\000o\000n}{}% 32
\BOOKMARK [1][]{section.10}{\376\377\000C\000o\000n\000c\000l\000u\000s\000i\000o\000n}{}% 33
