This is pdfTeX, Version 3.141592653-2.6-1.40.25 (MiKTeX 23.4) (preloaded format=pdflatex 2023.6.7)  15 OCT 2023 17:07
entering extended mode
 restricted \write18 enabled.
 %&-line parsing enabled.
**./sn-article.tex
(sn-article.tex
LaTeX2e <2022-11-01> patch level 1
L3 programming layer <2023-03-30> (sn-jnl.cls
Document Class: sn-jnl 2019/11/18 v0.1: An authoring template for Springer Jour
nal articles
(C:\Program Files\MiKTeX\tex/latex/base\article.cls
Document Class: article 2022/07/02 v1.4n Standard LaTeX document class
(C:\Program Files\MiKTeX\tex/latex/base\fleqn.clo
File: fleqn.clo 2016/12/29 v1.2b Standard LaTeX option (flush left equations)
\mathindent=\skip48
Applying: [2015/01/01] Make \[ robust on input line 50.
LaTeX Info: Redefining \[ on input line 51.
Already applied: [0000/00/00] Make \[ robust on input line 62.
Applying: [2015/01/01] Make \] robust on input line 74.
LaTeX Info: Redefining \] on input line 75.
Already applied: [0000/00/00] Make \] robust on input line 83.
)
(C:\Program Files\MiKTeX\tex/latex/base\size10.clo
File: size10.clo 2022/07/02 v1.4n Standard LaTeX file (size option)
)
\c@part=\count185
\c@section=\count186
\c@subsection=\count187
\c@subsubsection=\count188
\c@paragraph=\count189
\c@subparagraph=\count190
\c@figure=\count191
\c@table=\count192
\abovecaptionskip=\skip49
\belowcaptionskip=\skip50
\bibindent=\dimen140
)
LaTeX Info: Redefining \rm on input line 138.
LaTeX Info: Redefining \sf on input line 139.
LaTeX Info: Redefining \tt on input line 140.
LaTeX Info: Redefining \bf on input line 141.
LaTeX Info: Redefining \it on input line 142.
LaTeX Info: Redefining \sl on input line 143.
LaTeX Info: Redefining \sc on input line 144.
LaTeX Info: Redefining \cal on input line 145.
LaTeX Info: Redefining \mit on input line 146.
LaTeX Info: Redefining \textsubscript on input line 204.
\columnhsize=\skip51

(C:\Program Files\MiKTeX\tex/latex/geometry\geometry.sty
Package: geometry 2020/01/02 v5.9 Page Geometry

(C:\Program Files\MiKTeX\tex/latex/graphics\keyval.sty
Package: keyval 2022/05/29 v1.15 key=value parser (DPC)
\KV@toks@=\toks16
)
(C:\Program Files\MiKTeX\tex/generic/iftex\ifvtex.sty
Package: ifvtex 2019/10/25 v1.7 ifvtex legacy package. Use iftex instead.

(C:\Program Files\MiKTeX\tex/generic/iftex\iftex.sty
Package: iftex 2022/02/03 v1.0f TeX engine tests
))
\Gm@cnth=\count193
\Gm@cntv=\count194
\c@Gm@tempcnt=\count195
\Gm@bindingoffset=\dimen141
\Gm@wd@mp=\dimen142
\Gm@odd@mp=\dimen143
\Gm@even@mp=\dimen144
\Gm@layoutwidth=\dimen145
\Gm@layoutheight=\dimen146
\Gm@layouthoffset=\dimen147
\Gm@layoutvoffset=\dimen148
\Gm@dimlist=\toks17

(C:\Program Files\MiKTeX\tex/latex/geometry\geometry.cfg))
(C:\Program Files\MiKTeX\tex/latex/graphics\graphicx.sty
Package: graphicx 2021/09/16 v1.2d Enhanced LaTeX Graphics (DPC,SPQR)

(C:\Program Files\MiKTeX\tex/latex/graphics\graphics.sty
Package: graphics 2022/03/10 v1.4e Standard LaTeX Graphics (DPC,SPQR)

(C:\Program Files\MiKTeX\tex/latex/graphics\trig.sty
Package: trig 2021/08/11 v1.11 sin cos tan (DPC)
)
(C:\Program Files\MiKTeX\tex/latex/graphics-cfg\graphics.cfg
File: graphics.cfg 2016/06/04 v1.11 sample graphics configuration
)
Package graphics Info: Driver file: pdftex.def on input line 107.

(C:\Program Files\MiKTeX\tex/latex/graphics-def\pdftex.def
File: pdftex.def 2022/09/22 v1.2b Graphics/color driver for pdftex
))
\Gin@req@height=\dimen149
\Gin@req@width=\dimen150
)
(C:\Program Files\MiKTeX\tex/latex/multirow\multirow.sty
Package: multirow 2021/03/15 v2.8 Span multiple rows of a table
\multirow@colwidth=\skip52
\multirow@cntb=\count196
\multirow@dima=\skip53
\bigstrutjot=\dimen151
)
(C:\Program Files\MiKTeX\tex/latex/amsmath\amsmath.sty
Package: amsmath 2022/04/08 v2.17n AMS math features
\@mathmargin=\skip54

For additional information on amsmath, use the `?' option.
(C:\Program Files\MiKTeX\tex/latex/amsmath\amstext.sty
Package: amstext 2021/08/26 v2.01 AMS text

(C:\Program Files\MiKTeX\tex/latex/amsmath\amsgen.sty
File: amsgen.sty 1999/11/30 v2.0 generic functions
\@emptytoks=\toks18
\ex@=\dimen152
))
(C:\Program Files\MiKTeX\tex/latex/amsmath\amsbsy.sty
Package: amsbsy 1999/11/29 v1.2d Bold Symbols
\pmbraise@=\dimen153
)
(C:\Program Files\MiKTeX\tex/latex/amsmath\amsopn.sty
Package: amsopn 2022/04/08 v2.04 operator names
)
\inf@bad=\count197
LaTeX Info: Redefining \frac on input line 234.
\uproot@=\count198
\leftroot@=\count199
LaTeX Info: Redefining \overline on input line 399.
LaTeX Info: Redefining \colon on input line 410.
\classnum@=\count266
\DOTSCASE@=\count267
LaTeX Info: Redefining \ldots on input line 496.
LaTeX Info: Redefining \dots on input line 499.
LaTeX Info: Redefining \cdots on input line 620.
\Mathstrutbox@=\box51
\strutbox@=\box52
LaTeX Info: Redefining \big on input line 722.
LaTeX Info: Redefining \Big on input line 723.
LaTeX Info: Redefining \bigg on input line 724.
LaTeX Info: Redefining \Bigg on input line 725.
\big@size=\dimen154
LaTeX Font Info:    Redeclaring font encoding OML on input line 743.
LaTeX Font Info:    Redeclaring font encoding OMS on input line 744.
\macc@depth=\count268
LaTeX Info: Redefining \bmod on input line 905.
LaTeX Info: Redefining \pmod on input line 910.
LaTeX Info: Redefining \smash on input line 940.
LaTeX Info: Redefining \relbar on input line 970.
LaTeX Info: Redefining \Relbar on input line 971.
\c@MaxMatrixCols=\count269
\dotsspace@=\muskip16
\c@parentequation=\count270
\dspbrk@lvl=\count271
\tag@help=\toks19
\row@=\count272
\column@=\count273
\maxfields@=\count274
\andhelp@=\toks20
\eqnshift@=\dimen155
\alignsep@=\dimen156
\tagshift@=\dimen157
\tagwidth@=\dimen158
\totwidth@=\dimen159
\lineht@=\dimen160
\@envbody=\toks21
\multlinegap=\skip55
\multlinetaggap=\skip56
\mathdisplay@stack=\toks22
LaTeX Info: Redefining \[ on input line 2953.
LaTeX Info: Redefining \] on input line 2954.
)
(C:\Program Files\MiKTeX\tex/latex/amsfonts\amssymb.sty
Package: amssymb 2013/01/14 v3.01 AMS font symbols

(C:\Program Files\MiKTeX\tex/latex/amsfonts\amsfonts.sty
Package: amsfonts 2013/01/14 v3.01 Basic AMSFonts support
\symAMSa=\mathgroup4
\symAMSb=\mathgroup5
LaTeX Font Info:    Redeclaring math symbol \hbar on input line 98.
LaTeX Font Info:    Overwriting math alphabet `\mathfrak' in version `bold'
(Font)                  U/euf/m/n --> U/euf/b/n on input line 106.
))
(C:\Program Files\MiKTeX\tex/latex/amscls\amsthm.sty
Package: amsthm 2020/05/29 v2.20.6
\thm@style=\toks23
\thm@bodyfont=\toks24
\thm@headfont=\toks25
\thm@notefont=\toks26
\thm@headpunct=\toks27
\thm@preskip=\skip57
\thm@postskip=\skip58
\thm@headsep=\skip59
\dth@everypar=\toks28
)
(C:\Program Files\MiKTeX\tex/latex/jknappen\mathrsfs.sty
Package: mathrsfs 1996/01/01 Math RSFS package v1.0 (jk)
\symrsfs=\mathgroup6
)
(C:\Program Files\MiKTeX\tex/latex/graphics\rotating.sty
Package: rotating 2016/08/11 v2.16d rotated objects in LaTeX

(C:\Program Files\MiKTeX\tex/latex/base\ifthen.sty
Package: ifthen 2022/04/13 v1.1d Standard LaTeX ifthen package (DPC)
)
\c@r@tfl@t=\count275
\rotFPtop=\skip60
\rotFPbot=\skip61
\rot@float@box=\box53
\rot@mess@toks=\toks29
)
(C:\Program Files\MiKTeX\tex/latex/appendix\appendix.sty
Package: appendix 2020/02/08 v1.2c extra appendix facilities
\c@@pps=\count276
\c@@ppsavesec=\count277
\c@@ppsaveapp=\count278
)
(C:\Program Files\MiKTeX\tex/latex/xcolor\xcolor.sty
Package: xcolor 2022/06/12 v2.14 LaTeX color extensions (UK)

(C:\Program Files\MiKTeX\tex/latex/graphics-cfg\color.cfg
File: color.cfg 2016/01/02 v1.6 sample color configuration
)
Package xcolor Info: Driver file: pdftex.def on input line 227.

(C:\Program Files\MiKTeX\tex/latex/graphics\mathcolor.ltx)
Package xcolor Info: Model `cmy' substituted by `cmy0' on input line 1353.
Package xcolor Info: Model `hsb' substituted by `rgb' on input line 1357.
Package xcolor Info: Model `RGB' extended on input line 1369.
Package xcolor Info: Model `HTML' substituted by `rgb' on input line 1371.
Package xcolor Info: Model `Hsb' substituted by `hsb' on input line 1372.
Package xcolor Info: Model `tHsb' substituted by `hsb' on input line 1373.
Package xcolor Info: Model `HSB' substituted by `hsb' on input line 1374.
Package xcolor Info: Model `Gray' substituted by `gray' on input line 1375.
Package xcolor Info: Model `wave' substituted by `hsb' on input line 1376.
)
(C:\Program Files\MiKTeX\tex/latex/base\textcomp.sty
Package: textcomp 2020/02/02 v2.0n Standard LaTeX package
)
(C:\Program Files\MiKTeX\tex/latex/ncctools\manyfoot.sty
Package: manyfoot 2019/08/03 v1.11 Many Footnote Levels Package (NCC)

(C:\Program Files\MiKTeX\tex/latex/ncctools\nccfoots.sty
Package: nccfoots 2005/02/03 v1.2 NCC Footnotes Package (NCC)
)
\MFL@columnwidth=\dimen161
)
(C:\Program Files\MiKTeX\tex/latex/booktabs\booktabs.sty
Package: booktabs 2020/01/12 v1.61803398 Publication quality tables
\heavyrulewidth=\dimen162
\lightrulewidth=\dimen163
\cmidrulewidth=\dimen164
\belowrulesep=\dimen165
\belowbottomsep=\dimen166
\aboverulesep=\dimen167
\abovetopsep=\dimen168
\cmidrulesep=\dimen169
\cmidrulekern=\dimen170
\defaultaddspace=\dimen171
\@cmidla=\count279
\@cmidlb=\count280
\@aboverulesep=\dimen172
\@belowrulesep=\dimen173
\@thisruleclass=\count281
\@lastruleclass=\count282
\@thisrulewidth=\dimen174
)
(C:\Program Files\MiKTeX\tex/latex/algorithms\algorithm.sty
Package: algorithm 2009/08/24 v0.1 Document Style `algorithm' - floating enviro
nment

(C:\Program Files\MiKTeX\tex/latex/float\float.sty
Package: float 2001/11/08 v1.3d Float enhancements (AL)
\c@float@type=\count283
\float@exts=\toks30
\float@box=\box54
\@float@everytoks=\toks31
\@floatcapt=\box55
)
\@float@every@algorithm=\toks32
\c@algorithm=\count284
)
(C:\Program Files\MiKTeX\tex/latex/algorithmicx\algorithmicx.sty
Package: algorithmicx 2005/04/27 v1.2 Algorithmicx

Document Style algorithmicx 1.2 - a greatly improved `algorithmic' style
\c@ALG@line=\count285
\c@ALG@rem=\count286
\c@ALG@nested=\count287
\ALG@tlm=\skip62
\ALG@thistlm=\skip63
\c@ALG@Lnr=\count288
\c@ALG@blocknr=\count289
\c@ALG@storecount=\count290
\c@ALG@tmpcounter=\count291
\ALG@tmplength=\skip64
) (C:\Program Files\MiKTeX\tex/latex/algorithmicx\algpseudocode.sty
Package: algpseudocode 

Document Style - pseudocode environments for use with the `algorithmicx' style
) (C:\Program Files\MiKTeX\tex/latex/program\program.sty
\@gtempa=\dimen175
\@gtempa=\dimen176
\@gtempa=\dimen177
\@gtempa=\dimen178
\@gtempa=\dimen179
\@gtempa=\dimen180
\@gtempa=\dimen181
\@gtempa=\dimen182
\@gtempa=\dimen183
\@gtempa=\dimen184
\@gtempa=\dimen185
\@gtempa=\dimen186
\@gtempa=\dimen187
\@gtempa=\dimen188
\@gtempa=\dimen189
\@gtempa=\dimen190
\@gtempa=\dimen191
\@gtempa=\dimen192
\@gtempa=\dimen193
\@gtempa=\dimen194
\@gtempa=\dimen195
\@gtempa=\dimen196
\@gtempa=\dimen197
\@gtempa=\dimen198
\@gtempa=\dimen199
\@gtempa=\dimen256
\@gtempa=\dimen257
\@gtempa=\dimen258
\@gtempa=\dimen259
\@gtempa=\dimen260
\@gtempa=\dimen261
\@gtempa=\dimen262
\@gtempa=\dimen263
\@gtempa=\dimen264
\@gtempa=\dimen265
\@gtempa=\dimen266
\@gtempa=\dimen267
\@gtempa=\dimen268
\@gtempa=\dimen269
\@gtempa=\dimen270
\@gtempa=\dimen271
\@gtempa=\dimen272
\@gtempa=\dimen273
\@gtempa=\dimen274
\@gtempa=\dimen275
\@gtempa=\dimen276
\@gtempa=\dimen277
\@gtempa=\dimen278
\@gtempa=\dimen279
\@gtempa=\dimen280
\c@programline=\count292
\old@nxttabmar=\count293
\symeulerletters=\mathgroup7
\powersetbox=\box56


LaTeX Font Warning: Font shape `OT1/cmr/m/n' in size <16> not available
(Font)              size <17.28> substituted on input line 841.

LaTeX Font Info:    Calculating math sizes for size <16> on input line 841.

LaTeX Font Warning: Font shape `OML/cmm/m/it' in size <16> not available
(Font)              size <17.28> substituted on input line 841.


LaTeX Font Warning: Font shape `OMS/cmsy/m/n' in size <16> not available
(Font)              size <17.28> substituted on input line 841.

LaTeX Font Info:    Trying to load font information for U+msa on input line 841
.
(C:\Program Files\MiKTeX\tex/latex/amsfonts\umsa.fd
File: umsa.fd 2013/01/14 v3.01 AMS symbols A
)
LaTeX Font Info:    Trying to load font information for U+msb on input line 841
.

(C:\Program Files\MiKTeX\tex/latex/amsfonts\umsb.fd
File: umsb.fd 2013/01/14 v3.01 AMS symbols B
)
LaTeX Font Info:    Trying to load font information for U+rsfs on input line 84
1.

(C:\Program Files\MiKTeX\tex/latex/jknappen\ursfs.fd
File: ursfs.fd 1998/03/24 rsfs font definition file (jk)
)

LaTeX Font Warning: Font shape `U/rsfs/m/n' in size <16> not available
(Font)              size <17.28> substituted on input line 841.

LaTeX Font Info:    Trying to load font information for U+eur on input line 841
.
(C:\Program Files\MiKTeX\tex/latex/amsfonts\ueur.fd
File: ueur.fd 2013/01/14 v3.01 Euler Roman
))
(C:\Program Files\MiKTeX\tex/latex/listings\listings.sty
\lst@mode=\count294
\lst@gtempboxa=\box57
\lst@token=\toks33
\lst@length=\count295
\lst@currlwidth=\dimen281
\lst@column=\count296
\lst@pos=\count297
\lst@lostspace=\dimen282
\lst@width=\dimen283
\lst@newlines=\count298
\lst@lineno=\count299
\lst@maxwidth=\dimen284

(C:\Program Files\MiKTeX\tex/latex/listings\lstmisc.sty
File: lstmisc.sty 2023/02/27 1.9 (Carsten Heinz)
\c@lstnumber=\count300
\lst@skipnumbers=\count301
\lst@framebox=\box58
)
(C:\Program Files\MiKTeX\tex/latex/listings\listings.cfg
File: listings.cfg 2023/02/27 1.9 listings configuration
))
Package: listings 2023/02/27 1.9 (Carsten Heinz)
\artcatbox=\box59
\aucount=\count302
\corraucount=\count303
\punctcount=\count304
\emailcnt=\count305
\c@affn=\count306
\addcount=\count307
\PacsCount=\count308
\PacsTmpCnt=\count309
\FMremarkdim=\dimen285
\fmremarkbox=\box60
\opshortpage=\dimen286
\labelwidthi=\dimen287
\labelwidthii=\dimen288
\labelwidthiii=\dimen289
\labelwidthiv=\dimen290
\figwidth=\dimen291
\figheight=\dimen292
\sidecapwidth=\dimen293
\wrapcapline=\dimen294
\totalwrapline=\dimen295
\wraptotline=\dimen296
\figurebox=\box61
\wrapfigcapbox=\box62
\figcapbox=\box63
\capbox=\box64
\headwidthskip=\skip65
\tabcapbox=\box65
\temptbox=\box66
\tempdime=\dimen297
\tabhtdime=\dimen298

(C:\Program Files\MiKTeX\tex/latex/hyperref\hyperref.sty
Package: hyperref 2023-02-07 v7.00v Hypertext links for LaTeX

(C:\Program Files\MiKTeX\tex/generic/ltxcmds\ltxcmds.sty
Package: ltxcmds 2020-05-10 v1.25 LaTeX kernel commands for general use (HO)
)
(C:\Program Files\MiKTeX\tex/generic/pdftexcmds\pdftexcmds.sty
Package: pdftexcmds 2020-06-27 v0.33 Utility functions of pdfTeX for LuaTeX (HO
)

(C:\Program Files\MiKTeX\tex/generic/infwarerr\infwarerr.sty
Package: infwarerr 2019/12/03 v1.5 Providing info/warning/error messages (HO)
)
Package pdftexcmds Info: \pdf@primitive is available.
Package pdftexcmds Info: \pdf@ifprimitive is available.
Package pdftexcmds Info: \pdfdraftmode found.
)
(C:\Program Files\MiKTeX\tex/latex/kvsetkeys\kvsetkeys.sty
Package: kvsetkeys 2022-10-05 v1.19 Key value parser (HO)
)
(C:\Program Files\MiKTeX\tex/generic/kvdefinekeys\kvdefinekeys.sty
Package: kvdefinekeys 2019-12-19 v1.6 Define keys (HO)
)
(C:\Program Files\MiKTeX\tex/generic/pdfescape\pdfescape.sty
Package: pdfescape 2019/12/09 v1.15 Implements pdfTeX's escape features (HO)
)
(C:\Program Files\MiKTeX\tex/latex/hycolor\hycolor.sty
Package: hycolor 2020-01-27 v1.10 Color options for hyperref/bookmark (HO)
)
(C:\Program Files\MiKTeX\tex/latex/letltxmacro\letltxmacro.sty
Package: letltxmacro 2019/12/03 v1.6 Let assignment for LaTeX macros (HO)
)
(C:\Program Files\MiKTeX\tex/latex/auxhook\auxhook.sty
Package: auxhook 2019-12-17 v1.6 Hooks for auxiliary files (HO)
)
(C:\Program Files\MiKTeX\tex/latex/hyperref\nameref.sty
Package: nameref 2022-05-17 v2.50 Cross-referencing by name of section

(C:\Program Files\MiKTeX\tex/latex/refcount\refcount.sty
Package: refcount 2019/12/15 v3.6 Data extraction from label references (HO)
)
(C:\Program Files\MiKTeX\tex/generic/gettitlestring\gettitlestring.sty
Package: gettitlestring 2019/12/15 v1.6 Cleanup title references (HO)

(C:\Program Files\MiKTeX\tex/latex/kvoptions\kvoptions.sty
Package: kvoptions 2022-06-15 v3.15 Key value format for package options (HO)
))
\c@section@level=\count310
)
\@linkdim=\dimen299
\Hy@linkcounter=\count311
\Hy@pagecounter=\count312

(C:\Program Files\MiKTeX\tex/latex/hyperref\pd1enc.def
File: pd1enc.def 2023-02-07 v7.00v Hyperref: PDFDocEncoding definition (HO)
Now handling font encoding PD1 ...
... no UTF-8 mapping file for font encoding PD1
)
(C:\Program Files\MiKTeX\tex/generic/intcalc\intcalc.sty
Package: intcalc 2019/12/15 v1.3 Expandable calculations with integers (HO)
)
(C:\Program Files\MiKTeX\tex/generic/etexcmds\etexcmds.sty
Package: etexcmds 2019/12/15 v1.7 Avoid name clashes with e-TeX commands (HO)
)
\Hy@SavedSpaceFactor=\count313

(C:\Program Files\MiKTeX\tex/latex/hyperref\puenc.def
File: puenc.def 2023-02-07 v7.00v Hyperref: PDF Unicode definition (HO)
Now handling font encoding PU ...
... no UTF-8 mapping file for font encoding PU
)
Package hyperref Info: Hyper figures OFF on input line 4177.
Package hyperref Info: Link nesting OFF on input line 4182.
Package hyperref Info: Hyper index ON on input line 4185.
Package hyperref Info: Plain pages OFF on input line 4192.
Package hyperref Info: Backreferencing OFF on input line 4197.
Package hyperref Info: Implicit mode ON; LaTeX internals redefined.
Package hyperref Info: Bookmarks ON on input line 4425.
\c@Hy@tempcnt=\count314

(C:\Program Files\MiKTeX\tex/latex/url\url.sty
\Urlmuskip=\muskip17
Package: url 2013/09/16  ver 3.4  Verb mode for urls, etc.
)
LaTeX Info: Redefining \url on input line 4763.
\XeTeXLinkMargin=\dimen300

(C:\Program Files\MiKTeX\tex/generic/bitset\bitset.sty
Package: bitset 2019/12/09 v1.3 Handle bit-vector datatype (HO)

(C:\Program Files\MiKTeX\tex/generic/bigintcalc\bigintcalc.sty
Package: bigintcalc 2019/12/15 v1.5 Expandable calculations on big integers (HO
)
))
\Fld@menulength=\count315
\Field@Width=\dimen301
\Fld@charsize=\dimen302
Package hyperref Info: Hyper figures OFF on input line 6042.
Package hyperref Info: Link nesting OFF on input line 6047.
Package hyperref Info: Hyper index ON on input line 6050.
Package hyperref Info: backreferencing OFF on input line 6057.
Package hyperref Info: Link coloring OFF on input line 6062.
Package hyperref Info: Link coloring with OCG OFF on input line 6067.
Package hyperref Info: PDF/A mode OFF on input line 6072.

(C:\Program Files\MiKTeX\tex/latex/base\atbegshi-ltx.sty
Package: atbegshi-ltx 2021/01/10 v1.0c Emulation of the original atbegshi
package with kernel methods
)
\Hy@abspage=\count316
\c@Item=\count317
\c@Hfootnote=\count318
)
Package hyperref Info: Driver (autodetected): hpdftex.

(C:\Program Files\MiKTeX\tex/latex/hyperref\hpdftex.def
File: hpdftex.def 2023-02-07 v7.00v Hyperref driver for pdfTeX

(C:\Program Files\MiKTeX\tex/latex/base\atveryend-ltx.sty
Package: atveryend-ltx 2020/08/19 v1.0a Emulation of the original atveryend pac
kage
with kernel methods
)
\Fld@listcount=\count319
\c@bookmark@seq@number=\count320

(C:\Program Files\MiKTeX\tex/latex/rerunfilecheck\rerunfilecheck.sty
Package: rerunfilecheck 2022-07-10 v1.10 Rerun checks for auxiliary files (HO)

(C:\Program Files\MiKTeX\tex/generic/uniquecounter\uniquecounter.sty
Package: uniquecounter 2019/12/15 v1.4 Provide unlimited unique counter (HO)
)
Package uniquecounter Info: New unique counter `rerunfilecheck' on input line 2
85.
)
\Hy@SectionHShift=\skip66
)
(C:\Program Files\MiKTeX\tex/latex/breakurl\breakurl.sty
Package: breakurl 2013/04/10 v1.40 Breakable hyperref URLs

(C:\Program Files\MiKTeX\tex/latex/xkeyval\xkeyval.sty
Package: xkeyval 2022/06/16 v2.9 package option processing (HA)

(C:\Program Files\MiKTeX\tex/generic/xkeyval\xkeyval.tex
(C:\Program Files\MiKTeX\tex/generic/xkeyval\xkvutils.tex
\XKV@toks=\toks34
\XKV@tempa@toks=\toks35
)
\XKV@depth=\count321
File: xkeyval.tex 2014/12/03 v2.7a key=value parser (HA)
))
(C:\Program Files\MiKTeX\tex/generic/iftex\ifpdf.sty
Package: ifpdf 2019/10/25 v3.4 ifpdf legacy package. Use iftex instead.
)

Package breakurl Warning: You are using breakurl while processing via pdflatex.

(breakurl)                \burl will be just a synonym of \url.
(breakurl)                 on input line 48.

)
Package hyperref Info: Option `colorlinks' set `true' on input line 1486.
Package hyperref Info: Option `breaklinks' set `true' on input line 1486.
Package hyperref Info: Option `plainpages' set `false' on input line 1486.
Package hyperref Info: Option `bookmarksopen' set `true' on input line 1486.
Package hyperref Info: Option `bookmarksnumbered' set `false' on input line 148
6.
 (C:\Program Files\MiKTeX\tex/latex/wrapfig\wrapfig.sty
\wrapoverhang=\dimen303
\WF@size=\dimen304
\c@WF@wrappedlines=\count322
\WF@box=\box67
\WF@everypar=\toks36
Package: wrapfig 2003/01/31  v 3.6
)
\wraplines=\count323
\@authorfigbox=\box68
\@authorfigboxdim=\skip67
\biofigadjskip=\skip68

(C:\Program Files\MiKTeX\tex/latex/natbib\natbib.sty
Package: natbib 2010/09/13 8.31b (PWD, AO)
\bibhang=\skip69
\bibsep=\skip70
LaTeX Info: Redefining \cite on input line 694.
\c@NAT@ctr=\count324
))
\c@theorem=\count325
\c@example=\count326
\c@remark=\count327
\c@definition=\count328

(C:\Program Files\MiKTeX\tex/latex/csquotes\csquotes.sty
Package: csquotes 2022-09-14 v5.2n context-sensitive quotations (JAW)

(C:\Program Files\MiKTeX\tex/latex/etoolbox\etoolbox.sty
Package: etoolbox 2020/10/05 v2.5k e-TeX tools for LaTeX (JAW)
\etb@tempcnta=\count329
)
\csq@reset=\count330
\csq@gtype=\count331
\csq@glevel=\count332
\csq@qlevel=\count333
\csq@maxlvl=\count334
\csq@tshold=\count335
\csq@ltx@everypar=\toks37

(C:\Program Files\MiKTeX\tex/latex/csquotes\csquotes.def
File: csquotes.def 2022-09-14 v5.2n csquotes generic definitions (JAW)
)
Package csquotes Info: Trying to load configuration file 'csquotes.cfg'...
Package csquotes Info: ... configuration file loaded successfully.

(C:\Program Files\MiKTeX\tex/latex/csquotes\csquotes.cfg
File: csquotes.cfg 
))
(C:\Program Files\MiKTeX\tex/latex/caption\subcaption.sty
Package: subcaption 2023/02/19 v1.6 Sub-captions (AR)

(C:\Program Files\MiKTeX\tex/latex/caption\caption.sty
Package: caption 2023/03/12 v3.6j Customizing captions (AR)

(C:\Program Files\MiKTeX\tex/latex/caption\caption3.sty
Package: caption3 2023/03/12 v2.4 caption3 kernel (AR)
\caption@tempdima=\dimen305
\captionmargin=\dimen306
\caption@leftmargin=\dimen307
\caption@rightmargin=\dimen308
\caption@width=\dimen309
\caption@indent=\dimen310
\caption@parindent=\dimen311
\caption@hangindent=\dimen312
Package caption Info: Unknown document class (or package),
(caption)             standard defaults will be used.
Package caption Info: \@makecaption = \long macro:#1#2->\ifx \FigName \@captype
 \vskip \abovecaptionskip \@figurecaption {#1}{#2} \else \@tablecaption {#1}{#2
} \vskip \belowcaptionskip \fi  on input line 1176.
)

Package caption Warning: Unknown document class (or package),
(caption)                standard defaults will be used.
See the caption package documentation for explanation.

\c@caption@flags=\count336
\c@continuedfloat=\count337
Package caption Info: float package is loaded.
Package caption Info: hyperref package is loaded.
Package caption Info: listings package is loaded.
Package caption Info: rotating package is loaded.
Package caption Info: wrapfig package is loaded.
)
Package caption Info: New subtype `subfigure' on input line 239.
\c@subfigure=\count338
Package caption Info: New subtype `subtable' on input line 239.
\c@subtable=\count339
) (C:\Program Files\MiKTeX\tex/latex/adjustbox\adjustbox.sty
Package: adjustbox 2022/10/17 v1.3a Adjusting TeX boxes (trim, clip, ...)

(C:\Program Files\MiKTeX\tex/latex/adjustbox\adjcalc.sty
Package: adjcalc 2012/05/16 v1.1 Provides advanced setlength with multiple back
-ends (calc, etex, pgfmath)
)
(C:\Program Files\MiKTeX\tex/latex/adjustbox\trimclip.sty
Package: trimclip 2020/08/19 v1.2 Trim and clip general TeX material

(C:\Program Files\MiKTeX\tex/latex/collectbox\collectbox.sty
Package: collectbox 2022/10/17 v0.4c Collect macro arguments as boxes
\collectedbox=\box69
)
\tc@llx=\dimen313
\tc@lly=\dimen314
\tc@urx=\dimen315
\tc@ury=\dimen316
Package trimclip Info: Using driver 'tc-pdftex.def'.

(C:\Program Files\MiKTeX\tex/latex/adjustbox\tc-pdftex.def
File: tc-pdftex.def 2019/01/04 v2.2 Clipping driver for pdftex
))
\adjbox@Width=\dimen317
\adjbox@Height=\dimen318
\adjbox@Depth=\dimen319
\adjbox@Totalheight=\dimen320
\adjbox@pwidth=\dimen321
\adjbox@pheight=\dimen322
\adjbox@pdepth=\dimen323
\adjbox@ptotalheight=\dimen324

(C:\Program Files\MiKTeX\tex/latex/ifoddpage\ifoddpage.sty
Package: ifoddpage 2022/10/18 v1.2 Conditionals for odd/even page detection
\c@checkoddpage=\count340
)
(C:\Program Files\MiKTeX\tex/latex/varwidth\varwidth.sty
Package: varwidth 2009/03/30 ver 0.92;  Variable-width minipages
\@vwid@box=\box70
\sift@deathcycles=\count341
\@vwid@loff=\dimen325
\@vwid@roff=\dimen326
))
(C:\Program Files\MiKTeX\tex/latex/enumitem\enumitem.sty
Package: enumitem 2019/06/20 v3.9 Customized lists
\labelindent=\skip71
\enit@outerparindent=\dimen327
\enit@toks=\toks38
\enit@inbox=\box71
\enit@count@id=\count342
\enitdp@description=\count343
)
(C:\Program Files\MiKTeX\tex/latex/tools\longtable.sty
Package: longtable 2021-09-01 v4.17 Multi-page Table package (DPC)
\LTleft=\skip72
\LTright=\skip73
\LTpre=\skip74
\LTpost=\skip75
\LTchunksize=\count344
\LTcapwidth=\dimen328
\LT@head=\box72
\LT@firsthead=\box73
\LT@foot=\box74
\LT@lastfoot=\box75
\LT@gbox=\box76
\LT@cols=\count345
\LT@rows=\count346
\c@LT@tables=\count347
\c@LT@chunks=\count348
\LT@p@ftn=\toks39
)
(C:\Program Files\MiKTeX\tex/latex/tools\array.sty
Package: array 2022/09/04 v2.5g Tabular extension package (FMi)
\col@sep=\dimen329
\ar@mcellbox=\box77
\extrarowheight=\dimen330
\NC@list=\toks40
\extratabsurround=\skip76
\backup@length=\skip77
\ar@cellbox=\box78
)
Package csquotes Info: Checking for multilingual support...
Package csquotes Info: ... none found.

(C:\Program Files\MiKTeX\tex/latex/l3backend\l3backend-pdftex.def
File: l3backend-pdftex.def 2023-03-30 L3 backend support: PDF output (pdfTeX)
\l__color_backend_stack_int=\count349
\l__pdf_internal_box=\box79
)

LaTeX Warning: Unused global option(s):
    [Numbered].

(sn-article.aux

LaTeX Warning: Label `redditdist' multiply defined.


LaTeX Warning: Label `sub@redditdist' multiply defined.


LaTeX Warning: Label `twitterdist' multiply defined.


LaTeX Warning: Label `sub@twitterdist' multiply defined.


LaTeX Warning: Label `redditdist' multiply defined.


LaTeX Warning: Label `sub@redditdist' multiply defined.


LaTeX Warning: Label `twitterdist' multiply defined.


LaTeX Warning: Label `sub@twitterdist' multiply defined.


LaTeX Warning: Label `redditdist' multiply defined.


LaTeX Warning: Label `sub@redditdist' multiply defined.


LaTeX Warning: Label `twitterdist' multiply defined.


LaTeX Warning: Label `sub@twitterdist' multiply defined.


LaTeX Warning: Label `redditdist' multiply defined.


LaTeX Warning: Label `sub@redditdist' multiply defined.


LaTeX Warning: Label `twitterdist' multiply defined.


LaTeX Warning: Label `sub@twitterdist' multiply defined.


LaTeX Warning: Label `redditdist' multiply defined.


LaTeX Warning: Label `sub@redditdist' multiply defined.


LaTeX Warning: Label `twitterdist' multiply defined.


LaTeX Warning: Label `sub@twitterdist' multiply defined.


LaTeX Warning: Label `redditdist_twitterdist' multiply defined.


Package natbib Warning: Citation `abdelrazek2022topic' multiply defined.


Package natbib Warning: Citation `vayansky2020review' multiply defined.

)
\openout1 = `sn-article.aux'.

LaTeX Font Info:    Checking defaults for OML/cmm/m/it on input line 82.
LaTeX Font Info:    ... okay on input line 82.
LaTeX Font Info:    Checking defaults for OMS/cmsy/m/n on input line 82.
LaTeX Font Info:    ... okay on input line 82.
LaTeX Font Info:    Checking defaults for OT1/cmr/m/n on input line 82.
LaTeX Font Info:    ... okay on input line 82.
LaTeX Font Info:    Checking defaults for T1/cmr/m/n on input line 82.
LaTeX Font Info:    ... okay on input line 82.
LaTeX Font Info:    Checking defaults for TS1/cmr/m/n on input line 82.
LaTeX Font Info:    ... okay on input line 82.
LaTeX Font Info:    Checking defaults for OMX/cmex/m/n on input line 82.
LaTeX Font Info:    ... okay on input line 82.
LaTeX Font Info:    Checking defaults for U/cmr/m/n on input line 82.
LaTeX Font Info:    ... okay on input line 82.
LaTeX Font Info:    Checking defaults for PD1/pdf/m/n on input line 82.
LaTeX Font Info:    ... okay on input line 82.
LaTeX Font Info:    Checking defaults for PU/pdf/m/n on input line 82.
LaTeX Font Info:    ... okay on input line 82.
\footinsA=\insert252
\c@footnoteA=\count350
LaTeX Font Info:    Redeclaring symbol font `AMSa' on input line 82.
LaTeX Font Info:    Overwriting symbol font `AMSa' in version `normal'
(Font)                  U/msa/m/n --> U/msa/m/n on input line 82.
LaTeX Font Info:    Overwriting symbol font `AMSa' in version `bold'
(Font)                  U/msa/m/n --> U/msa/m/n on input line 82.

*geometry* driver: auto-detecting
*geometry* detected driver: pdftex
*geometry* verbose mode - [ preamble ] result:
* driver: pdftex
* paper: custom
* layout: <same size as paper>
* layoutoffset:(h,v)=(0.0pt,0.0pt)
* bindingoffset: 17.07164pt
* modes: twoside 
* h-part:(L,W,R)=(34.14331pt, 338.58778pt, 51.21498pt)
* v-part:(T,H,B)=(55.48286pt, 552.69478pt, 60.46211pt)
* \paperwidth=441.01772pt
* \paperheight=668.63976pt
* \textwidth=338.58778pt
* \textheight=552.69478pt
* \oddsidemargin=-21.05504pt
* \evensidemargin=-21.05501pt
* \topmargin=-38.22067pt
* \headheight=5.5pt
* \headsep=15.93355pt
* \topskip=10.0pt
* \footskip=28.45274pt
* \marginparwidth=34.1433pt
* \marginparsep=14.22636pt
* \columnsep=14.22636pt
* \skip\footins=8.0pt plus 4.0pt
* \hoffset=0.0pt
* \voffset=0.0pt
* \mag=1000
* \@twocolumnfalse
* \@twosidetrue
* \@mparswitchtrue
* \@reversemargintrue
* (1in=72.27pt=25.4mm, 1cm=28.453pt)

(C:\Program Files\MiKTeX\tex/context/base/mkii\supp-pdf.mkii
[Loading MPS to PDF converter (version 2006.09.02).]
\scratchcounter=\count351
\scratchdimen=\dimen331
\scratchbox=\box80
\nofMPsegments=\count352
\nofMParguments=\count353
\everyMPshowfont=\toks41
\MPscratchCnt=\count354
\MPscratchDim=\dimen332
\MPnumerator=\count355
\makeMPintoPDFobject=\count356
\everyMPtoPDFconversion=\toks42
) (C:\Program Files\MiKTeX\tex/latex/epstopdf-pkg\epstopdf-base.sty
Package: epstopdf-base 2020-01-24 v2.11 Base part for package epstopdf
Package epstopdf-base Info: Redefining graphics rule for `.eps' on input line 4
85.

(C:\Program Files\MiKTeX\tex/latex/00miktex\epstopdf-sys.cfg
File: epstopdf-sys.cfg 2021/03/18 v2.0 Configuration of epstopdf for MiKTeX
))
\c@lstlisting=\count357
Package hyperref Info: Link coloring ON on input line 82.
 (sn-article.out) (sn-article.out)
\@outlinefile=\write3
\openout3 = `sn-article.out'.

Package caption Info: Begin \AtBeginDocument code.
Package caption Info: longtable package is loaded.
 (C:\Program Files\MiKTeX\tex/latex/caption\ltcaption.sty
Package: ltcaption 2021/01/08 v1.4c longtable captions (AR)
)
Package caption Info: End \AtBeginDocument code.
LaTeX Font Info:    Calculating math sizes for size <12.045> on input line 136.



LaTeX Font Warning: Font shape `OT1/cmr/bx/n' in size <8.43146> not available
(Font)              size <8> substituted on input line 136.


LaTeX Font Warning: Font shape `OML/cmm/b/it' in size <8.43146> not available
(Font)              size <8> substituted on input line 136.


LaTeX Font Warning: Font shape `OMS/cmsy/b/n' in size <8.43146> not available
(Font)              size <8> substituted on input line 136.


LaTeX Font Warning: Font shape `U/rsfs/m/n' in size <8.43146> not available
(Font)              size <8> substituted on input line 136.


LaTeX Font Warning: Font shape `OT1/cmr/m/n' in size <8.43146> not available
(Font)              size <8> substituted on input line 136.

LaTeX Font Info:    Calculating math sizes for size <11.04124> on input line 13
6.

LaTeX Font Warning: Font shape `OT1/cmr/bx/n' in size <5.52061> not available
(Font)              size <6> substituted on input line 136.


LaTeX Font Warning: Font shape `OML/cmm/b/it' in size <5.52061> not available
(Font)              size <6> substituted on input line 136.


LaTeX Font Warning: Font shape `OMS/cmsy/b/n' in size <5.52061> not available
(Font)              size <6> substituted on input line 136.


LaTeX Font Warning: Font shape `U/rsfs/m/n' in size <5.52061> not available
(Font)              size <6> substituted on input line 136.

LaTeX Font Info:    Calculating math sizes for size <10.03749> on input line 13
6.

Underfull \vbox (badness 10000) has occurred while \output is active []

 [1{C:/Users/Teacher/AppData/Local/MiKTeX/fonts/map/pdftex/pdftex.map}

]

LaTeX Warning: Reference `lit_rev' on page 2 undefined on input line 142.


LaTeX Warning: Reference `dtset' on page 2 undefined on input line 142.


LaTeX Warning: Reference `methodolo' on page 2 undefined on input line 142.


LaTeX Warning: Reference `exp_anal' on page 2 undefined on input line 142.


LaTeX Warning: Reference `classification_res' on page 2 undefined on input line
 142.


LaTeX Warning: Reference `conclu' on page 2 undefined on input line 142.


Underfull \vbox (badness 10000) has occurred while \output is active []


Overfull \vbox (1.44444pt too high) has occurred while \output is active []


[2]
Underfull \vbox (badness 10000) has occurred while \output is active []


Overfull \vbox (1.44444pt too high) has occurred while \output is active []


[3]
Underfull \vbox (badness 10000) has occurred while \output is active []


Overfull \vbox (1.44444pt too high) has occurred while \output is active []


[4]
Underfull \vbox (badness 10000) has occurred while \output is active []


Overfull \vbox (1.44444pt too high) has occurred while \output is active []


[5]
Underfull \vbox (badness 10000) has occurred while \output is active []


Overfull \vbox (1.44444pt too high) has occurred while \output is active []


[6]
<Figs/document_size_length_in_each_class.png, id=279, 722.7pt x 437.9562pt>
File: Figs/document_size_length_in_each_class.png Graphic file (type png)
<use Figs/document_size_length_in_each_class.png>
Package pdftex.def Info: Figs/document_size_length_in_each_class.png  used on i
nput line 213.
(pdftex.def)             Requested size: 338.58778pt x 205.18454pt.

Underfull \vbox (badness 10000) has occurred while \output is active []


Overfull \vbox (1.44444pt too high) has occurred while \output is active []


[7 <./Figs/document_size_length_in_each_class.png>]
Underfull \vbox (badness 10000) has occurred while \output is active []


Overfull \vbox (1.44444pt too high) has occurred while \output is active []


[8]
Underfull \vbox (badness 10000) has occurred while \output is active []


Overfull \vbox (1.44444pt too high) has occurred while \output is active []


[9]
Underfull \vbox (badness 10000) has occurred while \output is active []


Overfull \vbox (1.44444pt too high) has occurred while \output is active []


[10]
<Figs/res_diagram.jpeg, id=350, 377.2494pt x 337.9827pt>
File: Figs/res_diagram.jpeg Graphic file (type jpg)
<use Figs/res_diagram.jpeg>
Package pdftex.def Info: Figs/res_diagram.jpeg  used on input line 284.
(pdftex.def)             Requested size: 270.87125pt x 242.69238pt.
<Figs/reddit_dist.png, id=352, 430.60875pt x 329.73187pt>
File: Figs/reddit_dist.png Graphic file (type png)
<use Figs/reddit_dist.png>
Package pdftex.def Info: Figs/reddit_dist.png  used on input line 295.
(pdftex.def)             Requested size: 152.36346pt x 116.67073pt.
<Figs/twitterdist.png, id=353, 451.6875pt x 329.73187pt>
File: Figs/twitterdist.png Graphic file (type png)
<use Figs/twitterdist.png>
Package pdftex.def Info: Figs/twitterdist.png  used on input line 301.
(pdftex.def)             Requested size: 152.36346pt x 111.22687pt.

Underfull \vbox (badness 10000) has occurred while \output is active []


Overfull \vbox (1.44444pt too high) has occurred while \output is active []


[11 <./Figs/res_diagram.jpeg>]
<Figs/indicator_word_cloud.png, id=363, 372.1905pt x 229.0959pt>
File: Figs/indicator_word_cloud.png Graphic file (type png)
<use Figs/indicator_word_cloud.png>
Package pdftex.def Info: Figs/indicator_word_cloud.png  used on input line 314.

(pdftex.def)             Requested size: 152.36346pt x 93.7831pt.

Underfull \hbox (badness 3386) in paragraph at lines 315--315
[]\OT1/cmr/m/n/9 (a) |Indi-ca-tor cat-e-gory word high
 []

<Figs/Ideation_word_cloud.png, id=364, 372.1905pt x 229.0959pt>
File: Figs/Ideation_word_cloud.png Graphic file (type png)
<use Figs/Ideation_word_cloud.png>
Package pdftex.def Info: Figs/Ideation_word_cloud.png  used on input line 320.
(pdftex.def)             Requested size: 152.36346pt x 93.7831pt.
<Figs/Behavior_word_cloud.png, id=365, 372.1905pt x 229.0959pt>
File: Figs/Behavior_word_cloud.png Graphic file (type png)
<use Figs/Behavior_word_cloud.png>
Package pdftex.def Info: Figs/Behavior_word_cloud.png  used on input line 326.
(pdftex.def)             Requested size: 152.36346pt x 93.7831pt.
<Figs/Attempt_word_cloud.png, id=366, 372.1905pt x 229.0959pt>
File: Figs/Attempt_word_cloud.png Graphic file (type png)
<use Figs/Attempt_word_cloud.png>
Package pdftex.def Info: Figs/Attempt_word_cloud.png  used on input line 332.
(pdftex.def)             Requested size: 152.36346pt x 93.7831pt.

Underfull \hbox (badness 2469) in paragraph at lines 333--333
\OT1/cmr/m/n/9 impact key-words sui-cide, attempt,
 []


LaTeX Warning: `!h' float specifier changed to `!ht'.

<Figs/cv_indicator.png, id=367, 418.4433pt x 315.8199pt>
File: Figs/cv_indicator.png Graphic file (type png)
<use Figs/cv_indicator.png>
Package pdftex.def Info: Figs/cv_indicator.png  used on input line 351.
(pdftex.def)             Requested size: 152.36346pt x 114.9962pt.
<Figs/cv_ideation.png, id=368, 418.4433pt x 315.8199pt>
File: Figs/cv_ideation.png Graphic file (type png)
<use Figs/cv_ideation.png>
Package pdftex.def Info: Figs/cv_ideation.png  used on input line 357.
(pdftex.def)             Requested size: 152.36346pt x 114.9962pt.
<Figs/cv_behavior.png, id=369, 418.4433pt x 315.8199pt>
File: Figs/cv_behavior.png Graphic file (type png)
<use Figs/cv_behavior.png>
Package pdftex.def Info: Figs/cv_behavior.png  used on input line 363.
(pdftex.def)             Requested size: 152.36346pt x 114.9962pt.
<Figs/cv_attempt.png, id=370, 418.4433pt x 315.8199pt>
File: Figs/cv_attempt.png Graphic file (type png)
<use Figs/cv_attempt.png>
Package pdftex.def Info: Figs/cv_attempt.png  used on input line 369.
(pdftex.def)             Requested size: 152.36346pt x 114.9962pt.

LaTeX Warning: `!h' float specifier changed to `!ht'.

<Figs/indicator_weight_relative_imp.png, id=379, 1144.57613pt x 760.19006pt>
File: Figs/indicator_weight_relative_imp.png Graphic file (type png)
<use Figs/indicator_weight_relative_imp.png>
Package pdftex.def Info: Figs/indicator_weight_relative_imp.png  used on input 
line 381.
(pdftex.def)             Requested size: 338.58778pt x 224.8805pt.
<Figs/ideation_weight_relative_imp.png, id=380, 1144.57613pt x 760.19006pt>
File: Figs/ideation_weight_relative_imp.png Graphic file (type png)
<use Figs/ideation_weight_relative_imp.png>
Package pdftex.def Info: Figs/ideation_weight_relative_imp.png  used on input l
ine 386.
(pdftex.def)             Requested size: 338.58778pt x 224.8805pt.

Underfull \vbox (badness 10000) has occurred while \output is active []


Overfull \vbox (1.44444pt too high) has occurred while \output is active []


[12 <./Figs/reddit_dist.png> <./Figs/twitterdist.png>]
Overfull \vbox (28.43187pt too high) has occurred while \output is active []


Underfull \vbox (badness 10000) has occurred while \output is active []


Overfull \vbox (1.44444pt too high) has occurred while \output is active []


[13 <./Figs/indicator_word_cloud.png> <./Figs/Ideation_word_cloud.png> <./Figs/
Behavior_word_cloud.png> <./Figs/Attempt_word_cloud.png> <./Figs/indicator_weig
ht_relative_imp.png>]
<Figs/behavior_weight_relative_imp.png, id=405, 1144.57613pt x 760.19006pt>
File: Figs/behavior_weight_relative_imp.png Graphic file (type png)
<use Figs/behavior_weight_relative_imp.png>
Package pdftex.def Info: Figs/behavior_weight_relative_imp.png  used on input l
ine 391.
(pdftex.def)             Requested size: 338.58778pt x 224.8805pt.

Underfull \vbox (badness 10000) has occurred while \output is active []


Overfull \vbox (1.44444pt too high) has occurred while \output is active []


[14 <./Figs/cv_indicator.png> <./Figs/cv_ideation.png> <./Figs/cv_behavior.png>
 <./Figs/cv_attempt.png> <./Figs/ideation_weight_relative_imp.png>]
<Figs/attempt_weight_relative_imp.png, id=416, 1144.57613pt x 760.19006pt>
File: Figs/attempt_weight_relative_imp.png Graphic file (type png)
<use Figs/attempt_weight_relative_imp.png>
Package pdftex.def Info: Figs/attempt_weight_relative_imp.png  used on input li
ne 397.
(pdftex.def)             Requested size: 338.58778pt x 224.8805pt.
<Figs/indicator_pyldvis.png, id=417, 866.73813pt x 476.27937pt>
File: Figs/indicator_pyldvis.png Graphic file (type png)
<use Figs/indicator_pyldvis.png>
Package pdftex.def Info: Figs/indicator_pyldvis.png  used on input line 407.
(pdftex.def)             Requested size: 338.58778pt x 186.05344pt.


LaTeX Warning: `!h' float specifier changed to `!ht'.

<Figs/Ideation_pyldvis.png, id=418, 868.74562pt x 471.26062pt>
File: Figs/Ideation_pyldvis.png Graphic file (type png)
<use Figs/Ideation_pyldvis.png>
Package pdftex.def Info: Figs/Ideation_pyldvis.png  used on input line 413.
(pdftex.def)             Requested size: 338.58778pt x 183.67584pt.

LaTeX Warning: `!h' float specifier changed to `!ht'.

<Figs/Behavior_pyldvis.png, id=419, 868.74562pt x 473.77pt>
File: Figs/Behavior_pyldvis.png Graphic file (type png)
<use Figs/Behavior_pyldvis.png>
Package pdftex.def Info: Figs/Behavior_pyldvis.png  used on input line 419.
(pdftex.def)             Requested size: 338.58778pt x 184.65388pt.

LaTeX Warning: `!h' float specifier changed to `!ht'.

<Figs/Attempt_pyldvis.png, id=420, 867.74188pt x 473.26813pt>
File: Figs/Attempt_pyldvis.png Graphic file (type png)
<use Figs/Attempt_pyldvis.png>
Package pdftex.def Info: Figs/Attempt_pyldvis.png  used on input line 425.
(pdftex.def)             Requested size: 338.58778pt x 184.6677pt.

LaTeX Warning: `!h' float specifier changed to `!ht'.


Underfull \vbox (badness 10000) has occurred while \output is active []


Overfull \vbox (1.44444pt too high) has occurred while \output is active []


[15 <./Figs/behavior_weight_relative_imp.png> <./Figs/attempt_weight_relative_i
mp.png>]
<Figs/bertopic/combined_bertopic_topics_heatmap_frequency.png, id=427, 803.0pt 
x 803.0pt>
File: Figs/bertopic/combined_bertopic_topics_heatmap_frequency.png Graphic file
 (type png)
<use Figs/bertopic/combined_bertopic_topics_heatmap_frequency.png>
Package pdftex.def Info: Figs/bertopic/combined_bertopic_topics_heatmap_frequen
cy.png  used on input line 437.
(pdftex.def)             Requested size: 152.36346pt x 152.36328pt.
<Figs/bertopic/combined_bertopic_topics_map_frequency.png, id=428, 652.4375pt x
 652.4375pt>
File: Figs/bertopic/combined_bertopic_topics_map_frequency.png Graphic file (ty
pe png)
<use Figs/bertopic/combined_bertopic_topics_map_frequency.png>
Package pdftex.def Info: Figs/bertopic/combined_bertopic_topics_map_frequency.p
ng  used on input line 443.
(pdftex.def)             Requested size: 152.36346pt x 152.35715pt.


LaTeX Warning: `!h' float specifier changed to `!ht'.

<Figs/dep_wordcloud.png, id=431, 372.1905pt x 193.6836pt>
File: Figs/dep_wordcloud.png Graphic file (type png)
<use Figs/dep_wordcloud.png>
Package pdftex.def Info: Figs/dep_wordcloud.png  used on input line 457.
(pdftex.def)             Requested size: 152.36346pt x 79.28665pt.
<Figs/sui_wordcloud.png, id=432, 372.1905pt x 193.6836pt>
File: Figs/sui_wordcloud.png Graphic file (type png)
<use Figs/sui_wordcloud.png>
Package pdftex.def Info: Figs/sui_wordcloud.png  used on input line 463.
(pdftex.def)             Requested size: 152.36346pt x 79.28665pt.

Underfull \vbox (badness 10000) has occurred while \output is active []


Overfull \vbox (1.44444pt too high) has occurred while \output is active []


[16 <./Figs/indicator_pyldvis.png> <./Figs/Ideation_pyldvis.png>]
Underfull \vbox (badness 10000) has occurred while \output is active []


Overfull \vbox (1.44444pt too high) has occurred while \output is active []


[17 <./Figs/Behavior_pyldvis.png> <./Figs/Attempt_pyldvis.png>]
<Figs/doc_len.png, id=448, 419.166pt x 351.9549pt>
File: Figs/doc_len.png Graphic file (type png)
<use Figs/doc_len.png>
Package pdftex.def Info: Figs/doc_len.png  used on input line 476.
(pdftex.def)             Requested size: 237.01471pt x 184.9402pt.

Underfull \vbox (badness 10000) has occurred while \output is active []


Overfull \vbox (1.44444pt too high) has occurred while \output is active []


[18 <./Figs/bertopic/combined_bertopic_topics_heatmap_frequency.png> <./Figs/be
rtopic/combined_bertopic_topics_map_frequency.png> <./Figs/dep_wordcloud.png> <
./Figs/sui_wordcloud.png>]
Underfull \vbox (badness 10000) has occurred while \output is active []


Overfull \vbox (1.44444pt too high) has occurred while \output is active []


[19 <./Figs/doc_len.png>]
<Figs/dep_chord.png, id=476, 1053.9375pt x 1053.9375pt>
File: Figs/dep_chord.png Graphic file (type png)
<use Figs/dep_chord.png>
Package pdftex.def Info: Figs/dep_chord.png  used on input line 497.
(pdftex.def)             Requested size: 253.94083pt x 253.93115pt.
<Figs/suicide_chord.png, id=477, 1053.9375pt x 1053.9375pt>
File: Figs/suicide_chord.png Graphic file (type png)
<use Figs/suicide_chord.png>
Package pdftex.def Info: Figs/suicide_chord.png  used on input line 504.
(pdftex.def)             Requested size: 253.94083pt x 253.93115pt.

Underfull \vbox (badness 10000) has occurred while \output is active []


Overfull \vbox (1.44444pt too high) has occurred while \output is active []


[20 <./Figs/dep_chord.png>]
LaTeX Font Info:    Calculating math sizes for size <8.03> on input line 514.


LaTeX Font Warning: Font shape `OT1/cmr/m/n' in size <4.015> not available
(Font)              size <5> substituted on input line 514.


LaTeX Font Warning: Font shape `OML/cmm/m/it' in size <4.015> not available
(Font)              size <5> substituted on input line 514.


LaTeX Font Warning: Font shape `OMS/cmsy/m/n' in size <4.015> not available
(Font)              size <5> substituted on input line 514.


LaTeX Font Warning: Font shape `U/rsfs/m/n' in size <4.015> not available
(Font)              size <5> substituted on input line 514.


Underfull \hbox (badness 2253) in paragraph at lines 542--543
[]|\OT1/cmr/bx/n/8 Hyper-Parameters [Some Spec-i-fied and rest are
 []


Underfull \hbox (badness 10000) in paragraph at lines 550--551
[]|\OT1/cmr/m/n/8 estimators=50, learn-ing rate=1.0, boost-ing algo-
 []


Overfull \hbox (17.06075pt too wide) in paragraph at lines 540--555
[] 
 []


Underfull \vbox (badness 10000) has occurred while \output is active []


Overfull \vbox (1.44444pt too high) has occurred while \output is active []


[21 <./Figs/suicide_chord.png>]

Package hyperref Warning: Difference (2) between bookmark levels is greater 
(hyperref)                than one, level fixed on input line 584.

<Figs/grid_svm.png, id=498, 411.939pt x 328.8285pt>
File: Figs/grid_svm.png Graphic file (type png)
<use Figs/grid_svm.png>
Package pdftex.def Info: Figs/grid_svm.png  used on input line 590.
(pdftex.def)             Requested size: 152.36346pt x 121.61948pt.
<Figs/glove_vec.png, id=499, 411.939pt x 328.8285pt>
File: Figs/glove_vec.png Graphic file (type png)
<use Figs/glove_vec.png>
Package pdftex.def Info: Figs/glove_vec.png  used on input line 596.
(pdftex.def)             Requested size: 152.36346pt x 121.61948pt.

Underfull \vbox (badness 10000) has occurred while \output is active []


Overfull \vbox (1.44444pt too high) has occurred while \output is active []


[22] (doc_ref.tex
Underfull \vbox (badness 10000) has occurred while \output is active []


Overfull \vbox (1.44444pt too high) has occurred while \output is active []


[23 <./Figs/grid_svm.png> <./Figs/glove_vec.png>]
Underfull \vbox (badness 10000) has occurred while \output is active []


Overfull \vbox (1.44444pt too high) has occurred while \output is active []


[24
pdfTeX warning (ext4): destination with the same identifier (name{cite.abdelraz
ek2022topic}) has been already used, duplicate ignored
<argument> ...shipout:D \box_use:N \l_shipout_box 
                                                  \__shipout_drop_firstpage_...
l.85 
     
pdfTeX warning (ext4): destination with the same identifier (name{cite.vayansky
2020review}) has been already used, duplicate ignored
<argument> ...shipout:D \box_use:N \l_shipout_box 
                                                  \__shipout_drop_firstpage_...
l.85 
     ]
Underfull \vbox (badness 10000) has occurred while \output is active []


Overfull \vbox (1.44444pt too high) has occurred while \output is active []


[25]
Underfull \vbox (badness 10000) has occurred while \output is active []


Overfull \vbox (1.44444pt too high) has occurred while \output is active []


[26]
Underfull \vbox (badness 10000) has occurred while \output is active []


Overfull \vbox (1.44444pt too high) has occurred while \output is active []


[27]
Underfull \hbox (badness 1436) in paragraph at lines 277--284
[]\OT1/cmr/m/n/10 Han-Chin Shing, Suraj Nair, Ayah Zirikly, Meir Frieden-berg, 
Hal
 []


Underfull \vbox (badness 10000) has occurred while \output is active []


Overfull \vbox (1.44444pt too high) has occurred while \output is active []


[28]
Underfull \hbox (badness 1184) in paragraph at lines 359--364
[]\OT1/cmr/m/n/10 Hamad Zogan, Imran Raz-zak, Shoaib Jameel, and Guan-dong Xu.
 []

)

Package natbib Warning: There were multiply defined citations.


Underfull \vbox (badness 10000) has occurred while \output is active []


Overfull \vbox (1.44444pt too high) has occurred while \output is active []


[29] (sn-article.aux

Package natbib Warning: Citation(s) may have changed.
(natbib)                Rerun to get citations correct.

)

LaTeX Font Warning: Size substitutions with differences
(Font)              up to 1.28pt have occurred.


LaTeX Warning: There were undefined references.


LaTeX Warning: There were multiply-defined labels.


Package rerunfilecheck Warning: File `sn-article.out' has changed.
(rerunfilecheck)                Rerun to get outlines right
(rerunfilecheck)                or use package `bookmark'.

Package rerunfilecheck Info: Checksums for `sn-article.out':
(rerunfilecheck)             Before: FB7FAD0778294E9A3BE98D98BF8ADC9A;5664
(rerunfilecheck)             After:  2C89FB0FE168E41F00D478A883039559;5505.
 ) 
Here is how much of TeX's memory you used:
 19027 strings out of 476331
 305741 string characters out of 5797575
 1866660 words of memory out of 5000000
 38953 multiletter control sequences out of 15000+600000
 536962 words of font info for 131 fonts, out of 8000000 for 9000
 1151 hyphenation exceptions out of 8191
 90i,13n,131p,2326b,822s stack positions out of 10000i,1000n,20000p,200000b,200000s

pdfTeX warning (dest): name{subsection.2.3} has been referenced but does not ex
ist, replaced by a fixed one

 <C:\Users\Teacher\AppData\Local\MiKTeX\fonts/pk/ljfour/jknappen/ec/dpi600\tcrm
1000.pk><C:/Program Files/MiKTeX/fonts/type1/public/amsfonts/cmextra/cmbsy8.pfb
><C:/Program Files/MiKTeX/fonts/type1/public/amsfonts/cm/cmbx10.pfb><C:/Program
 Files/MiKTeX/fonts/type1/public/amsfonts/cm/cmbx12.pfb><C:/Program Files/MiKTe
X/fonts/type1/public/amsfonts/cm/cmbx8.pfb><C:/Program Files/MiKTeX/fonts/type1
/public/amsfonts/cm/cmbx9.pfb><C:/Program Files/MiKTeX/fonts/type1/public/amsfo
nts/cm/cmex10.pfb><C:/Program Files/MiKTeX/fonts/type1/public/amsfonts/cm/cmmi1
0.pfb><C:/Program Files/MiKTeX/fonts/type1/public/amsfonts/cm/cmmi5.pfb><C:/Pro
gram Files/MiKTeX/fonts/type1/public/amsfonts/cm/cmmi7.pfb><C:/Program Files/Mi
KTeX/fonts/type1/public/amsfonts/cm/cmmi8.pfb><C:/Program Files/MiKTeX/fonts/ty
pe1/public/amsfonts/cm/cmr10.pfb><C:/Program Files/MiKTeX/fonts/type1/public/am
sfonts/cm/cmr12.pfb><C:/Program Files/MiKTeX/fonts/type1/public/amsfonts/cm/cmr
17.pfb><C:/Program Files/MiKTeX/fonts/type1/public/amsfonts/cm/cmr6.pfb><C:/Pro
gram Files/MiKTeX/fonts/type1/public/amsfonts/cm/cmr7.pfb><C:/Program Files/MiK
TeX/fonts/type1/public/amsfonts/cm/cmr8.pfb><C:/Program Files/MiKTeX/fonts/type
1/public/amsfonts/cm/cmr9.pfb><C:/Program Files/MiKTeX/fonts/type1/public/amsfo
nts/cm/cmsy10.pfb><C:/Program Files/MiKTeX/fonts/type1/public/amsfonts/cm/cmsy6
.pfb><C:/Program Files/MiKTeX/fonts/type1/public/amsfonts/cm/cmsy7.pfb><C:/Prog
ram Files/MiKTeX/fonts/type1/public/amsfonts/cm/cmsy8.pfb><C:/Program Files/MiK
TeX/fonts/type1/public/amsfonts/cm/cmti10.pfb>
Output written on sn-article.pdf (29 pages, 3144808 bytes).
PDF statistics:
 676 PDF objects out of 1000 (max. 8388607)
 163 named destinations out of 1000 (max. 500000)
 386 words of extra memory for PDF output out of 10000 (max. 10000000)

